[2026-04-19 12:50:55.1886157] Console created
[2026-04-19 12:50:55.1949932] UE4SS - v3.0.1 Beta #0 - Git SHA #0196ef29
[2026-04-19 12:50:55.1950301] Timezone: Europe/Warsaw
[2026-04-19 12:50:55.1950433] UE4SS Build Configuration: Game__Shipping__Win64 (MSVC)
[2026-04-19 12:50:55.1962469] Setting up mods...
[2026-04-19 12:50:55.1962671] Loading mods from: E:\SteamLibrary\steamapps\common\Windrose\R5\Binaries\Win64\ue4ss\Mods
[2026-04-19 12:50:55.1963898] Starting mods (from mods.txt (E:\SteamLibrary\steamapps\common\Windrose\R5\Binaries\Win64\ue4ss\Mods\mods.txt) load order)...
[2026-04-19 12:50:55.1965783] Starting mods (from enabled.txt (E:\SteamLibrary\steamapps\common\Windrose\R5\Binaries\Win64\ue4ss\Mods), no defined load order)...
[2026-04-19 12:50:55.1966637] No specific game configuration found, using default configuration file
[2026-04-19 12:50:55.1966827] Config: E:\SteamLibrary\steamapps\common\Windrose\R5\Binaries\Win64\ue4ss\UE4SS-settings.ini

[2026-04-19 12:50:55.1966955] root directory: E:\SteamLibrary\steamapps\common\Windrose\R5\Binaries\Win64\ue4ss
[2026-04-19 12:50:55.1967067] working directory: E:\SteamLibrary\steamapps\common\Windrose\R5\Binaries\Win64\ue4ss
[2026-04-19 12:50:55.1967178] game executable directory: E:\SteamLibrary\steamapps\common\Windrose\R5\Binaries\Win64
[2026-04-19 12:50:55.1967351] game executable: E:\SteamLibrary\steamapps\common\Windrose\R5\Binaries\Win64\Windrose-Win64-Shipping.exe (290351168 bytes)


[2026-04-19 12:50:55.1967463] mods directories: 
[2026-04-19 12:50:55.1967578] [0] E:\SteamLibrary\steamapps\common\Windrose\R5\Binaries\Win64\ue4ss\Mods
[2026-04-19 12:50:55.1967684] 
[2026-04-19 12:50:55.1967794] log directory: E:\SteamLibrary\steamapps\common\Windrose\R5\Binaries\Win64\ue4ss
[2026-04-19 12:50:55.1967903] object dumper directory: E:\SteamLibrary\steamapps\common\Windrose\R5\Binaries\Win64\ue4ss


[2026-04-19 12:50:55.1970507] DebugGame Setting Enabled? false
[2026-04-19 12:50:55.1983195] PS Scan attempt 1 (Phase 2)
[2026-04-19 12:50:55.1983499] [PS] Reading image
[2026-04-19 12:50:55.1984042] [PS] Starting scan
[2026-04-19 12:50:55.9154450] [PS] Scan finished in 717.0093ms
[2026-04-19 12:50:55.9154988] [PS] Found GUObjectArray: 0x7ff6e10dd940
[2026-04-19 12:50:55.9155137] [PS] Found GMalloc: 0x7ff6e0fed578
[2026-04-19 12:50:55.9155257] [PS] Found FName::ToString: 0x7ff6d1c5cae0
[2026-04-19 12:50:55.9155389] [PS] Found FName::FName(wchar_t*): 0x7ff6d1c4cd90
[2026-04-19 12:50:55.9155507] [PS] Found StaticConstructObject_Internal: 0x7ff6d1ebd8e0
[2026-04-19 12:50:55.9155639] [PS] Found FUObjectHashTables::Get(): 0x7ff6d1ec91f0
[2026-04-19 12:50:55.9155751] [PS] Found GNatives: 0x7ff6e10dcab0
[2026-04-19 12:50:55.9155861] [PS] Found ConsoleManagerSingleton: 0x7ff6d1ac0560
[2026-04-19 12:50:55.9155984] [PS] Found GameEngineTick: 0x7ff6d46f37c0
[2026-04-19 12:50:55.9156120] PS scan successful
[2026-04-19 12:50:55.9161682] Running second pass of Lua override scans
[2026-04-19 12:50:55.9161915] Lua Scan attempt 1 (Phase 2)
[2026-04-19 12:50:55.9162143] Using engine version: 5.6
[2026-04-19 12:50:55.9162249] Waiting for object construction...
[2026-04-19 12:50:56.6890463] Locating KismetSystemLibrary...
[2026-04-19 12:50:56.6899053] Locating KismetSystemLibrary:Conv_NameToString...
[2026-04-19 12:50:56.7775731] Locating KismetSystemLibrary CDO...
[2026-04-19 12:50:58.9830344] Already constructed: ["/Script/CoreUObject", "Class"]
[2026-04-19 12:50:58.9830993] Already constructed: ["/Script/CoreUObject"]
[2026-04-19 12:50:58.9831173] Already constructed: ["/Script/CoreUObject", "Struct"]
[2026-04-19 12:50:58.9831671] Already constructed: ["/Script/Engine", "Pawn"]
[2026-04-19 12:50:58.9832005] Already constructed: ["/Script/Engine", "Character"]
[2026-04-19 12:50:58.9832158] Already constructed: ["/Script/Engine", "Actor"]
[2026-04-19 12:50:58.9833819] Already constructed: ["/Script/CoreUObject", "Vector"]
[2026-04-19 12:50:58.9841412] Need to construct: ["/Script/Engine", "Default__DefaultPawn"]
[2026-04-19 12:50:58.9842671] Already constructed: ["/Script/Engine", "HitResult"]
[2026-04-19 12:50:58.9847759] Already constructed: ["/Script/Engine", "Default__MaterialExpression"]
[2026-04-19 12:50:58.9848057] Already constructed: ["/Script/Engine", "ActorComponent"]
[2026-04-19 12:50:58.9849077] Already constructed: ["/Script/CoreUObject", "OrientedBox"]
[2026-04-19 12:50:58.9849417] Already constructed: ["/Script/Engine", "MovementComponent"]
[2026-04-19 12:50:58.9849540] Already constructed: ["/Script/Engine", "HUD"]
[2026-04-19 12:50:58.9849861] Already constructed: ["/Script/Engine", "PlayerController"]
[2026-04-19 12:50:58.9850147] Already constructed: ["/Script/Engine", "PlayerCameraManager"]
[2026-04-19 12:50:58.9851133] Already constructed: ["/Script/CoreUObject", "EInterpCurveMode"]
[2026-04-19 12:50:58.9852298] Already constructed: ["/Script/Engine", "ENetRole"]
[2026-04-19 12:50:58.9853972] Already constructed: ["/Script/MovieScene", "MovieSceneEditorData"]
[2026-04-19 12:50:58.9854228] Already constructed: ["/Script/UMG", "Widget"]
[2026-04-19 12:50:58.9854437] Already constructed: ["/Script/UMG", "ComboBoxString"]
[2026-04-19 12:50:58.9854559] Already constructed: ["/Script/CoreUObject", "Interface"]
[2026-04-19 12:50:59.2376403] Constructed [1 / 1]: Default__DefaultPawn
[2026-04-19 12:50:59.8563560] GameEngine::LoadMap address 0x7ff6d4ee22d0
[2026-04-19 12:50:59.8564580] GameEngine::Tick address (vtable: 0x7ff6d46f37c0; scan: 0x7ff6d46f37c0)
[2026-04-19 12:50:59.8564734] Using scan address for GameEngine::Tick
[2026-04-19 12:50:59.8581675] [UE4SS.EngineTick.GameThreadInitializer] Added prehook with Id '0X6020000000000001'!
[2026-04-19 12:50:59.8582305] GameModeBase::InitGameState address 0x7ff6d4728480
[2026-04-19 12:50:59.8582456] AActor::BeginPlay address 0x7ff6d4283400
[2026-04-19 12:50:59.8582597] AActor::EndPlay address 0x7ff6d428aff0
[2026-04-19 12:50:59.8582730] AActor::Tick address 0x7ff6d42a2400
[2026-04-19 12:50:59.8582858] GameViewportClient::Tick address 0x7ff6d4743c10
[2026-04-19 12:50:59.8582988] ProcessEvent address 0x7ff6d1e8f800
[2026-04-19 12:50:59.8583120] ProcessConsoleExec address 0x7ff6d1cd4880
[2026-04-19 12:50:59.8583247] UStruct::Link address 0x7ff6d1d559b0
[2026-04-19 12:50:59.8583436] Constructed 1 of 1 objects
[2026-04-19 12:51:00.0768117] FText size detected as 0x10 bytes.
[2026-04-19 12:51:00.0771449] ProcessInternal address: 0x7ff6d1e8fbf0
[2026-04-19 12:51:00.0771725] ProcessLocalScriptFunction address: 0x7ff6d1e8fcf0
[2026-04-19 12:51:00.0771846] UnrealConfig.FExecVTableOffsetInLocalPlayer: 28
[2026-04-19 12:51:00.0771959] Post-initialization: GMalloc: 0x7ff6e0fed578 -> 0x1ae72b0b0d0
[2026-04-19 12:51:00.0772108] Starting callback garbage collector![2026-04-19 12:51:00.0788396] [UE4SS.StaticConstructObject.ObjectSearcherPoolHook] Added posthook with Id '0X9000000000000001'!
[2026-04-19 12:51:00.0788846] 
##### MEMBER OFFSETS START (Coalesced) #####

[2026-04-19 12:51:00.0789006] UObjectBase::NamePrivate = 0x18
[2026-04-19 12:51:00.0789134] UObjectBase::ObjectFlags = 0x8
[2026-04-19 12:51:00.0789251] UObjectBase::World = 0x78
[2026-04-19 12:51:00.0789370] UObjectBase::ActiveSplitscreenType = 0x70
[2026-04-19 12:51:00.0789490] UObjectBase::ViewportConsole = 0x40
[2026-04-19 12:51:00.0789605] UObjectBase::bUseSoftwareCursorWidgets = 0x270
[2026-04-19 12:51:00.0789721] UObjectBase::ClassPrivate = 0x10
[2026-04-19 12:51:00.0790025] UObjectBase::bNetLoadOnClient = 0x59
[2026-04-19 12:51:00.0790422] UObjectBase::InternalIndex_Private = 0xC
[2026-04-19 12:51:00.0790615] UObjectBase::bAllowTickBeforeBeginPlay = 0x5A
[2026-04-19 12:51:00.0790737] UObjectBase::InputPriority = 0x16C
[2026-04-19 12:51:00.0790846] UObjectBase::bForceNetAddressable = 0x59
[2026-04-19 12:51:00.0790956] UObjectBase::bDisableSplitScreenOverride = 0x3B8
[2026-04-19 12:51:00.0791068] UObjectBase::Window = 0x110
[2026-04-19 12:51:00.0791175] UObjectBase::OuterPrivate = 0x20
[2026-04-19 12:51:00.0791286] UObjectBase::bAlwaysRelevant = 0x58
[2026-04-19 12:51:00.0791394] UObjectBase::HardwareCursorCache = 0x180
[2026-04-19 12:51:00.0791505] UObjectBase::DebugProperties = 0x48
[2026-04-19 12:51:00.0791613] UObjectBase::bReplayRewindable = 0x59
[2026-04-19 12:51:00.0791761] UObjectBase::bHidden = 0x58
[2026-04-19 12:51:00.0791884] UObjectBase::CurrentBufferVisualizationMode = 0x140
[2026-04-19 12:51:00.0792002] UObjectBase::UEP_TotalSize = 0x28
[2026-04-19 12:51:00.0792114] UObjectBase::SplitscreenInfo = 0x58
[2026-04-19 12:51:00.0792220] UObjectBase::ViewportOverlayWidget = 0x120
[2026-04-19 12:51:00.0792330] UObjectBase::OnEndPlay = 0x1FF
[2026-04-19 12:51:00.0792437] UObjectBase::bHasAudioFocus = 0x10C
[2026-04-19 12:51:00.0792542] UObjectBase::MaxSplitscreenPlayers = 0x68
[2026-04-19 12:51:00.0792649] UObjectBase::bIsPlayInEditorViewport = 0x6C
[2026-04-19 12:51:00.0792756] UObjectBase::bDisableWorldRendering = 0x6C
[2026-04-19 12:51:00.0792865] UObjectBase::bTearOff = 0x59
[2026-04-19 12:51:00.0792971] UObjectBase::CurrentLumenVisualizationMode = 0x150
[2026-04-19 12:51:00.0793079] UObjectBase::bSuppressTransitionMessage = 0x88
[2026-04-19 12:51:00.0793190] UObjectBase::bReplicateMovement = 0x58
[2026-04-19 12:51:00.0793296] UObjectBase::ViewModeIndex = 0xB0
[2026-04-19 12:51:00.0793402] UObjectBase::bNetUseOwnerRelevancy = 0x59
[2026-04-19 12:51:00.0793516] UObjectBase::AutoReceiveInput = 0x16B
[2026-04-19 12:51:00.0793620] UObjectBase::EngineShowFlags = 0xB8
[2026-04-19 12:51:00.0793724] UObjectBase::Viewport = 0xF8
[2026-04-19 12:51:00.0793830] UObjectBase::MouseLockMode = 0x3BC
[2026-04-19 12:51:00.0793937] UObjectBase::ViewportFrame = 0x100
[2026-04-19 12:51:00.0794045] UObjectBase::AudioDeviceHandle = 0x108
[2026-04-19 12:51:00.0794150] UObjectBase::CurrentGroomVisualizationMode = 0x160
[2026-04-19 12:51:00.0794258] UObjectBase::GameLayerManagerPtr = 0x130
[2026-04-19 12:51:00.0794365] UObjectBase::CurrentNaniteVisualizationMode = 0x148
[2026-04-19 12:51:00.0794476] UObjectBase::CurrentSubstrateVisualizationMode = 0x158
[2026-04-19 12:51:00.0794586] UObjectBase::CurrentVirtualShadowMapVisualizationMode = 0x168
[2026-04-19 12:51:00.0794698] UObjectBase::HighResScreenshotDialog = 0x170
[2026-04-19 12:51:00.0794822] UObjectBase::HardwareCursors = 0x1D0
[2026-04-19 12:51:00.0794929] UObjectBase::CursorWidgets = 0x220
[2026-04-19 12:51:00.0795034] UObjectBase::StatUnitData = 0x3A8
[2026-04-19 12:51:00.0795139] UObjectBase::OnBeginCursorOver = 0x1F5
[2026-04-19 12:51:00.0795243] UObjectBase::StatHitchesData = 0x3B0
[2026-04-19 12:51:00.0795346] UObjectBase::bIgnoreInput = 0x3B9
[2026-04-19 12:51:00.0795450] UObjectBase::MouseCaptureMode = 0x3BA
[2026-04-19 12:51:00.0795555] UObjectBase::bHideCursorDuringCapture = 0x3BB
[2026-04-19 12:51:00.0795664] UObjectBase::bActorEnableCollision = 0x5D
[2026-04-19 12:51:00.0795771] UObjectBase::bIsMouseOverClient = 0x3BD
[2026-04-19 12:51:00.0795879] UObjectBase::PrimaryActorTick = 0x28
[2026-04-19 12:51:00.0795988] UObjectBase::ActorHasBegunPlay = 0x5D
[2026-04-19 12:51:00.0796094] UObjectBase::bNetTemporary = 0x58
[2026-04-19 12:51:00.0796198] UObjectBase::bActorIsBeingConstructed = 0x5D
[2026-04-19 12:51:00.0796308] UObjectBase::bNetStartup = 0x58
[2026-04-19 12:51:00.0796412] UObjectBase::bOnlyRelevantToOwner = 0x58
[2026-04-19 12:51:00.0796518] UObjectBase::bCallPreReplication = 0x58
[2026-04-19 12:51:00.0796627] UObjectBase::bCallPreReplicationForReplay = 0x58
[2026-04-19 12:51:00.0796737] UObjectBase::bExchangedRoles = 0x59
[2026-04-19 12:51:00.0796842] UObjectBase::bRelevantForNetworkReplays = 0x59
[2026-04-19 12:51:00.0796950] UObjectBase::bRelevantForLevelBounds = 0x59
[2026-04-19 12:51:00.0797060] UObjectBase::bAutoDestroyWhenFinished = 0x5A
[2026-04-19 12:51:00.0797168] UObjectBase::bCanBeDamaged = 0x5A
[2026-04-19 12:51:00.0797274] UObjectBase::bBlockInput = 0x5A
[2026-04-19 12:51:00.0797382] UObjectBase::bCollideWhenPlacing = 0x5A
[2026-04-19 12:51:00.0797491] UObjectBase::bFindCameraComponentWhenViewTarget = 0x5A
[2026-04-19 12:51:00.0797600] UObjectBase::bGenerateOverlapEventsDuringLevelStreaming = 0x5A
[2026-04-19 12:51:00.0797704] UObjectBase::bIgnoresOriginShifting = 0x5A
[2026-04-19 12:51:00.0797813] UObjectBase::bHasRegisteredAllComponents = 0x5C
[2026-04-19 12:51:00.0797935] UObjectBase::bEnableAutoLODGeneration = 0x5B
[2026-04-19 12:51:00.0798048] UObjectBase::bIsEditorOnlyActor = 0x5B
[2026-04-19 12:51:00.0798154] UObjectBase::bActorSeamlessTraveled = 0x5B
[2026-04-19 12:51:00.0798262] UObjectBase::bReplicates = 0x5B
[2026-04-19 12:51:00.0798366] UObjectBase::bCanBeInCluster = 0x5B
[2026-04-19 12:51:00.0798473] UObjectBase::bAllowReceiveTickEventOnDedicatedServer = 0x5B
[2026-04-19 12:51:00.0798579] UObjectBase::bNetCheckedInitialPhysicsState = 0x5B
[2026-04-19 12:51:00.0798688] UObjectBase::bReplicateUsingRegisteredSubObjectList = 0x5B
[2026-04-19 12:51:00.0798794] UObjectBase::bHasFinishedSpawning = 0x5C
[2026-04-19 12:51:00.0798900] UObjectBase::bActorInitialized = 0x5C
[2026-04-19 12:51:00.0799006] UObjectBase::bActorBeginningPlayFromLevelStreaming = 0x5C
[2026-04-19 12:51:00.0799112] UObjectBase::bTickFunctionsRegistered = 0x5C
[2026-04-19 12:51:00.0799222] UObjectBase::AttachmentReplication = 0x70
[2026-04-19 12:51:00.0799332] UObjectBase::bHasDeferredComponentRegistration = 0x5C
[2026-04-19 12:51:00.0799438] UObjectBase::bRunningUserConstructionScript = 0x5C
[2026-04-19 12:51:00.0799543] UObjectBase::bHasPreRegisteredAllComponents = 0x5C
[2026-04-19 12:51:00.0799652] UObjectBase::bActorIsBeingDestroyed = 0x5D
[2026-04-19 12:51:00.0799762] UObjectBase::bActorWantsDestroyDuringBeginPlay = 0x5D
[2026-04-19 12:51:00.0799967] UObjectBase::bAsyncPhysicsTickEnabled = 0x5D
[2026-04-19 12:51:00.0800083] UObjectBase::UpdateOverlapsMethodDuringLevelStreaming = 0x5E
[2026-04-19 12:51:00.0800189] UObjectBase::DefaultUpdateOverlapsMethodDuringLevelStreaming = 0x5F
[2026-04-19 12:51:00.0800296] UObjectBase::RemoteRole = 0x60
[2026-04-19 12:51:00.0800401] UObjectBase::ActorCategory = 0x61
[2026-04-19 12:51:00.0800506] UObjectBase::InitialLifeSpan = 0x64
[2026-04-19 12:51:00.0800611] UObjectBase::CustomTimeDilation = 0x68
[2026-04-19 12:51:00.0800716] UObjectBase::RayTracingGroupId = 0x6C
[2026-04-19 12:51:00.0800821] UObjectBase::ReplicatedMovement = 0xD0
[2026-04-19 12:51:00.0800924] UObjectBase::Owner = 0x158
[2026-04-19 12:51:00.0801031] UObjectBase::NetDormancy = 0x169
[2026-04-19 12:51:00.0801136] UObjectBase::NetDriverName = 0x160
[2026-04-19 12:51:00.0801239] UObjectBase::Role = 0x168
[2026-04-19 12:51:00.0801343] UObjectBase::SpawnCollisionHandlingMethod = 0x16A
[2026-04-19 12:51:00.0801451] UObjectBase::CreationTime = 0x170
[2026-04-19 12:51:00.0801556] UObjectBase::InputComponent = 0x178
[2026-04-19 12:51:00.0801661] UObjectBase::NetTag = 0x180
[2026-04-19 12:51:00.0801765] UObjectBase::NetCullDistanceSquared = 0x184
[2026-04-19 12:51:00.0801872] UObjectBase::NetUpdateFrequency = 0x188
[2026-04-19 12:51:00.0801979] UObjectBase::MinNetUpdateFrequency = 0x18C
[2026-04-19 12:51:00.0802087] UObjectBase::NetPriority = 0x190
[2026-04-19 12:51:00.0802191] UObjectBase::PhysicsReplicationMode = 0x194
[2026-04-19 12:51:00.0802298] UObjectBase::LastRenderTime = 0x198
[2026-04-19 12:51:00.0802401] UObjectBase::Children = 0x1A8
[2026-04-19 12:51:00.0802505] UObjectBase::RootComponent = 0x1B8
[2026-04-19 12:51:00.0802608] UObjectBase::TimerHandle_LifeSpanExpired = 0x1C0
[2026-04-19 12:51:00.0802715] UObjectBase::Layers = 0x1C8
[2026-04-19 12:51:00.0802819] UObjectBase::ParentComponent = 0x1D8
[2026-04-19 12:51:00.0802923] UObjectBase::Tags = 0x1E0
[2026-04-19 12:51:00.0803029] UObjectBase::OnTakeAnyDamage = 0x1F0
[2026-04-19 12:51:00.0803132] UObjectBase::OnTakePointDamage = 0x1F1
[2026-04-19 12:51:00.0803236] UObjectBase::OnTakeRadialDamage = 0x1F2
[2026-04-19 12:51:00.0803342] UObjectBase::OnActorBeginOverlap = 0x1F3
[2026-04-19 12:51:00.0803448] UObjectBase::OnActorEndOverlap = 0x1F4
[2026-04-19 12:51:00.0803555] UObjectBase::OnEndCursorOver = 0x1F6
[2026-04-19 12:51:00.0803658] UObjectBase::OnClicked = 0x1F7
[2026-04-19 12:51:00.0803764] UObjectBase::OnReleased = 0x1F8
[2026-04-19 12:51:00.0803869] UObjectBase::OnInputTouchBegin = 0x1F9
[2026-04-19 12:51:00.0803973] UObjectBase::OnInputTouchEnd = 0x1FA
[2026-04-19 12:51:00.0804080] UObjectBase::OnInputTouchEnter = 0x1FB
[2026-04-19 12:51:00.0804571] UObjectBase::OnInputTouchLeave = 0x1FC
[2026-04-19 12:51:00.0804691] UObjectBase::OnActorHit = 0x1FD
[2026-04-19 12:51:00.0804821] UObjectBase::OnDestroyed = 0x1FE
[2026-04-19 12:51:00.0804930] UObjectBase::ReplicatedSubObjects = 0x200
[2026-04-19 12:51:00.0805041] UObjectBase::ReplicatedComponentsInfo = 0x210
[2026-04-19 12:51:00.0805150] UObjectBase::DetachFence = 0x2A0
[2026-04-19 12:51:00.0805259] UScriptStruct::ICppStructOps::Size = 0x8
[2026-04-19 12:51:00.0805367] UScriptStruct::ICppStructOps::Alignment = 0xC
[2026-04-19 12:51:00.0805477] UScriptStruct::ICppStructOps::UEP_TotalSize = 0x10
[2026-04-19 12:51:00.0805585] UStruct::SuperStruct = 0x40
[2026-04-19 12:51:00.0805691] UStruct::ChildProperties = 0x50
[2026-04-19 12:51:00.0805796] UStruct::Children = 0x48
[2026-04-19 12:51:00.0805899] UStruct::PropertiesSize = 0x58
[2026-04-19 12:51:00.0806004] UStruct::UnresolvedScriptProperties = 0xA0
[2026-04-19 12:51:00.0806110] UStruct::MinAlignment = 0x5C
[2026-04-19 12:51:00.0806213] UStruct::PropertyLink = 0x70
[2026-04-19 12:51:00.0806316] UStruct::Script = 0x60
[2026-04-19 12:51:00.0806420] UStruct::StructStateFlags = 0x5E
[2026-04-19 12:51:00.0806524] UStruct::RefLink = 0x78
[2026-04-19 12:51:00.0806626] UStruct::DestructorLink = 0x80
[2026-04-19 12:51:00.0806731] UStruct::PostConstructLink = 0x88
[2026-04-19 12:51:00.0806837] UStruct::ScriptAndPropertyObjectReferences = 0x90
[2026-04-19 12:51:00.0806944] UStruct::UEP_TotalSize = 0xB0
[2026-04-19 12:51:00.0807050] UScriptStruct::UEP_TotalSize = 0xC0
[2026-04-19 12:51:00.0807158] UScriptStruct::CppStructOps = 0xB8
[2026-04-19 12:51:00.0807264] UScriptStruct::StructFlags = 0xB0
[2026-04-19 12:51:00.0807369] UScriptStruct::bPrepareCppStructOpsCompleted = 0xB4
[2026-04-19 12:51:00.0807483] UClass::ClassConstructor = 0xB0
[2026-04-19 12:51:00.0807590] UClass::AllFunctionsCacheLock = 0x1D0
[2026-04-19 12:51:00.0807696] UClass::ClassVTableHelperCtorCaller = 0xB8
[2026-04-19 12:51:00.0807806] UClass::ClassUnique = 0xC8
[2026-04-19 12:51:00.0807910] UClass::ClassCastFlags = 0xD8
[2026-04-19 12:51:00.0808015] UClass::FirstOwnedClassRep = 0xCC
[2026-04-19 12:51:00.0808119] UClass::ClassWithin = 0xE0
[2026-04-19 12:51:00.0808222] UClass::bLayoutChanging = 0xD1
[2026-04-19 12:51:00.0808324] UClass::ClassConfigName = 0xE8
[2026-04-19 12:51:00.0808428] UClass::bCooked = 0xD0
[2026-04-19 12:51:00.0808533] UClass::ClassFlags = 0xD4
[2026-04-19 12:51:00.0808635] UClass::NetFields = 0x100
[2026-04-19 12:51:00.0808739] UClass::ClassDefaultObject = 0x110
[2026-04-19 12:51:00.0808845] UClass::SparseClassData = 0x118
[2026-04-19 12:51:00.0808950] UClass::SparseClassDataStruct = 0x120
[2026-04-19 12:51:00.0809053] UClass::FuncMap = 0x128
[2026-04-19 12:51:00.0809156] UClass::FuncMapLock = 0x178
[2026-04-19 12:51:00.0809259] UClass::AllFunctionsCache = 0x180
[2026-04-19 12:51:00.0809362] UClass::Interfaces = 0x1D8
[2026-04-19 12:51:00.0809467] UClass::ReferenceSchema = 0x1E8
[2026-04-19 12:51:00.0809571] UClass::NativeFunctionLookupTable = 0x1F0
[2026-04-19 12:51:00.0809678] UClass::UEP_TotalSize = 0x200
[2026-04-19 12:51:00.0809798] UEnum::CppType = 0x30
[2026-04-19 12:51:00.0809904] UEnum::EnumFlags_Internal = 0x51
[2026-04-19 12:51:00.0810009] UEnum::Names = 0x40
[2026-04-19 12:51:00.0810111] UEnum::CppForm = 0x50
[2026-04-19 12:51:00.0810214] UEnum::EnumPackage = 0x54
[2026-04-19 12:51:00.0810319] UEnum::EnumDisplayNameFn = 0x60
[2026-04-19 12:51:00.0810422] UEnum::UEP_TotalSize = 0x68
[2026-04-19 12:51:00.0810528] UFunction::FunctionFlags = 0xB0
[2026-04-19 12:51:00.0810635] UFunction::NumParms = 0xB4
[2026-04-19 12:51:00.0810737] UFunction::ParmsSize = 0xB6
[2026-04-19 12:51:00.0810841] UFunction::FirstPropertyToInit = 0xC0
[2026-04-19 12:51:00.0810945] UFunction::RPCId = 0xBA
[2026-04-19 12:51:00.0811052] UFunction::ReturnValueOffset = 0xB8
[2026-04-19 12:51:00.0811157] UFunction::RPCResponseId = 0xBC
[2026-04-19 12:51:00.0811264] UFunction::EventGraphFunction = 0xC8
[2026-04-19 12:51:00.0811369] UFunction::EventGraphCallOffset = 0xD0
[2026-04-19 12:51:00.0811472] UFunction::Func = 0xD8
[2026-04-19 12:51:00.0811589] UFunction::UEP_TotalSize = 0xE0
[2026-04-19 12:51:00.0811697] UField::Next = 0x28
[2026-04-19 12:51:00.0811800] UField::UEP_TotalSize = 0x30
[2026-04-19 12:51:00.0811905] FField::ClassPrivate = 0x8
[2026-04-19 12:51:00.0812007] FField::Owner = 0x10
[2026-04-19 12:51:00.0812110] FField::Next = 0x18
[2026-04-19 12:51:00.0812212] FField::FlagsPrivate = 0x28
[2026-04-19 12:51:00.0812315] FField::NamePrivate = 0x20
[2026-04-19 12:51:00.0812419] FField::UEP_TotalSize = 0x30
[2026-04-19 12:51:00.0812524] FProperty::RepIndex = 0x40
[2026-04-19 12:51:00.0812626] FProperty::ArrayDim = 0x30
[2026-04-19 12:51:00.0812728] FProperty::ElementSize = 0x34
[2026-04-19 12:51:00.0812833] FProperty::PropertyLinkNext = 0x48
[2026-04-19 12:51:00.0812939] FProperty::PropertyFlags = 0x38
[2026-04-19 12:51:00.0813044] FProperty::Offset_Internal = 0x44
[2026-04-19 12:51:00.0813147] FProperty::NextRef = 0x50
[2026-04-19 12:51:00.0813250] FProperty::DestructorLinkNext = 0x58
[2026-04-19 12:51:00.0813356] FProperty::PostConstructLinkNext = 0x60
[2026-04-19 12:51:00.0813468] FProperty::RepNotifyFunc = 0x68
[2026-04-19 12:51:00.0813572] FProperty::UEP_TotalSize = 0x70
[2026-04-19 12:51:00.0813676] FNumericProperty::RepIndex = 0x40
[2026-04-19 12:51:00.0813782] FNumericProperty::ArrayDim = 0x30
[2026-04-19 12:51:00.0813887] FNumericProperty::ElementSize = 0x34
[2026-04-19 12:51:00.0813993] FNumericProperty::PropertyLinkNext = 0x48
[2026-04-19 12:51:00.0814101] FNumericProperty::PropertyFlags = 0x38
[2026-04-19 12:51:00.0814205] FNumericProperty::Offset_Internal = 0x44
[2026-04-19 12:51:00.0814311] FNumericProperty::NextRef = 0x50
[2026-04-19 12:51:00.0814417] FNumericProperty::DestructorLinkNext = 0x58
[2026-04-19 12:51:00.0814525] FNumericProperty::PostConstructLinkNext = 0x60
[2026-04-19 12:51:00.0814634] FNumericProperty::RepNotifyFunc = 0x68
[2026-04-19 12:51:00.0814795] FNumericProperty::UEP_TotalSize = 0x70
[2026-04-19 12:51:00.0814947] FObjectPropertyBase::PropertyClass = 0x70
[2026-04-19 12:51:00.0815071] FObjectPropertyBase::UEP_TotalSize = 0x78
[2026-04-19 12:51:00.0815221] FStructProperty::Struct = 0x70
[2026-04-19 12:51:00.0815358] FStructProperty::UEP_TotalSize = 0x78
[2026-04-19 12:51:00.0815468] FArrayProperty::Inner = 0x78
[2026-04-19 12:51:00.0815574] FArrayProperty::ArrayFlags = 0x70
[2026-04-19 12:51:00.0815679] FArrayProperty::UEP_TotalSize = 0x80
[2026-04-19 12:51:00.0815783] FMapProperty::KeyProp = 0x70
[2026-04-19 12:51:00.0815887] FMapProperty::MapLayout = 0x80
[2026-04-19 12:51:00.0815992] FMapProperty::ValueProp = 0x78
[2026-04-19 12:51:00.0816093] FMapProperty::MapFlags = 0x98
[2026-04-19 12:51:00.0816197] FMapProperty::UEP_TotalSize = 0xA0
[2026-04-19 12:51:00.0816304] FSetProperty::ElementProp = 0x70
[2026-04-19 12:51:00.0816411] FSetProperty::UEP_TotalSize = 0x90
[2026-04-19 12:51:00.0816515] FSetProperty::SetLayout = 0x78
[2026-04-19 12:51:00.0816623] FBoolProperty::ByteOffset = 0x71
[2026-04-19 12:51:00.0816726] FBoolProperty::FieldSize = 0x70
[2026-04-19 12:51:00.0816830] FBoolProperty::FieldMask = 0x73
[2026-04-19 12:51:00.0816933] FBoolProperty::ByteMask = 0x72
[2026-04-19 12:51:00.0817036] FBoolProperty::UEP_TotalSize = 0x78
[2026-04-19 12:51:00.0817140] FByteProperty::Enum = 0x70
[2026-04-19 12:51:00.0817246] FByteProperty::UEP_TotalSize = 0x78
[2026-04-19 12:51:00.0817351] FEnumProperty::UEP_TotalSize = 0x80
[2026-04-19 12:51:00.0817456] FEnumProperty::UnderlyingProp = 0x70
[2026-04-19 12:51:00.0817561] FEnumProperty::Enum = 0x78
[2026-04-19 12:51:00.0817666] FClassProperty::MetaClass = 0x78
[2026-04-19 12:51:00.0817770] FClassProperty::UEP_TotalSize = 0x80
[2026-04-19 12:51:00.0817879] FSoftClassProperty::MetaClass = 0x78
[2026-04-19 12:51:00.0817985] FSoftClassProperty::UEP_TotalSize = 0x80
[2026-04-19 12:51:00.0818095] FDelegateProperty::SignatureFunction = 0x70
[2026-04-19 12:51:00.0818204] FDelegateProperty::UEP_TotalSize = 0x78
[2026-04-19 12:51:00.0818312] FMulticastDelegateProperty::SignatureFunction = 0x70
[2026-04-19 12:51:00.0818418] FMulticastDelegateProperty::UEP_TotalSize = 0x78
[2026-04-19 12:51:00.0818543] FInterfaceProperty::InterfaceClass = 0x70
[2026-04-19 12:51:00.0818656] FInterfaceProperty::UEP_TotalSize = 0x78
[2026-04-19 12:51:00.0818763] FFieldPathProperty::PropertyClass = 0x70
[2026-04-19 12:51:00.0818870] FFieldPathProperty::UEP_TotalSize = 0x78
[2026-04-19 12:51:00.0818978] FWorldContext::ThisCurrentWorld = 0x2C0
[2026-04-19 12:51:00.0819086] FWorldContext::ExternalReferences = 0x2B0
[2026-04-19 12:51:00.0819197] FWorldContext::LastRemoteURL = 0x128
[2026-04-19 12:51:00.0819302] FWorldContext::ContextHandle = 0xA0
[2026-04-19 12:51:00.0819409] FWorldContext::PendingMapChangeFailureDescription = 0x1C8
[2026-04-19 12:51:00.0819519] FWorldContext::TravelURL = 0xA8
[2026-04-19 12:51:00.0819624] FWorldContext::TravelType = 0xB8
[2026-04-19 12:51:00.0819746] FWorldContext::LastURL = 0xC0
[2026-04-19 12:51:00.0819850] FWorldContext::LevelsToLoadForPendingMapChange = 0x1A8
[2026-04-19 12:51:00.0819958] FWorldContext::GarbageObjectsToVerify = 0x260
[2026-04-19 12:51:00.0820072] FWorldContext::bShouldCommitPendingMapChange = 0x1D8
[2026-04-19 12:51:00.0820178] FWorldContext::GameViewport = 0x200
[2026-04-19 12:51:00.0820284] FWorldContext::PIEInstance = 0x220
[2026-04-19 12:51:00.0820390] FWorldContext::PIEFixedTickSeconds = 0x258
[2026-04-19 12:51:00.0820498] FWorldContext::PIEPrefix = 0x228
[2026-04-19 12:51:00.0820603] FWorldContext::RunAsDedicated = 0x23C
[2026-04-19 12:51:00.0820705] FWorldContext::bWaitingOnOnlineSubsystem = 0x23D
[2026-04-19 12:51:00.0820812] FWorldContext::bIsPrimaryPIEInstance = 0x23E
[2026-04-19 12:51:00.0820920] FWorldContext::AudioDeviceID = 0x240
[2026-04-19 12:51:00.0821024] FWorldContext::CustomDescription = 0x248
[2026-04-19 12:51:00.0821130] FWorldContext::PIEAccumulatedTickSeconds = 0x25C
[2026-04-19 12:51:00.0821237] FWorldContext::UEP_TotalSize = 0x2C8
[2026-04-19 12:51:00.0821343] FOutputDevice::bSuppressEventTag = 0x8
[2026-04-19 12:51:00.0821448] FOutputDevice::bAutoEmitLineTerminator = 0x9
[2026-04-19 12:51:00.0821558] FOutputDevice::UEP_TotalSize = 0x10
[2026-04-19 12:51:00.0821664] FArchiveState::ArIsTextFormat = 0x28
[2026-04-19 12:51:00.0821769] FArchiveState::ArIsLoading = 0x28
[2026-04-19 12:51:00.0821872] FArchiveState::ArIsLoadingFromCookedPackage = 0x28
[2026-04-19 12:51:00.0821978] FArchiveState::ArPortFlags = 0x34
[2026-04-19 12:51:00.0822081] FArchiveState::ArIsTransacting = 0x28
[2026-04-19 12:51:00.0822189] FArchiveState::ArIsSaving = 0x28
[2026-04-19 12:51:00.0822295] FArchiveState::ArForceUnicode = 0x28
[2026-04-19 12:51:00.0822401] FArchiveState::ArIsModifyingWeakAndStrongReferences = 0x2B
[2026-04-19 12:51:00.0822509] FArchiveState::ArUseUnversionedPropertySerialization = 0x28
[2026-04-19 12:51:00.0822616] FArchiveState::ArWantBinaryPropertySerialization = 0x28
[2026-04-19 12:51:00.0822725] FArchiveState::ArIsObjectReferenceCollector = 0x2B
[2026-04-19 12:51:00.0822835] FArchiveState::ArIsPersistent = 0x29
[2026-04-19 12:51:00.0822940] FArchiveState::ArForceByteSwapping = 0x2A
[2026-04-19 12:51:00.0823047] FArchiveState::ArIsError = 0x29
[2026-04-19 12:51:00.0823152] FArchiveState::ArUEVer = 0x40
[2026-04-19 12:51:00.0823257] FArchiveState::ArIsCriticalError = 0x29
[2026-04-19 12:51:00.0823364] FArchiveState::ArMaxSerializeSize = 0x38
[2026-04-19 12:51:00.0823472] FArchiveState::ArShouldSkipCompilingAssets = 0x29
[2026-04-19 12:51:00.0823576] FArchiveState::ArShouldSkipUpdateCustomVersion = 0x29
[2026-04-19 12:51:00.0824308] FArchiveState::ArCustomPropertyList = 0x60
[2026-04-19 12:51:00.0824547] FArchiveState::ArContainsCode = 0x29
[2026-04-19 12:51:00.0824752] FArchiveState::ArIsNetArchive = 0x2B
[2026-04-19 12:51:00.0824920] FArchiveState::ArContainsMap = 0x29
[2026-04-19 12:51:00.0825076] FArchiveState::ArRequiresLocalizationGather = 0x29
[2026-04-19 12:51:00.0825235] FArchiveState::ArIgnoreArchetypeRef = 0x2A
[2026-04-19 12:51:00.0825390] FArchiveState::ArNoDelta = 0x2A
[2026-04-19 12:51:00.0825539] FArchiveState::ArNoIntraPropertyDelta = 0x2A
[2026-04-19 12:51:00.0825704] FArchiveState::ArIgnoreOuterRef = 0x2A
[2026-04-19 12:51:00.0825858] FArchiveState::ArIgnoreClassGeneratedByRef = 0x2A
[2026-04-19 12:51:00.0825978] FArchiveState::ArLicenseeUEVer = 0x48
[2026-04-19 12:51:00.0826088] FArchiveState::ArMergeOverrides = 0x2C
[2026-04-19 12:51:00.0826196] FArchiveState::ArIgnoreClassRef = 0x2A
[2026-04-19 12:51:00.0826300] FArchiveState::ArAllowLazyLoading = 0x2A
[2026-04-19 12:51:00.0826407] FArchiveState::NextProxy = 0x88
[2026-04-19 12:51:00.0826513] FArchiveState::ArIsCountingMemory = 0x2B
[2026-04-19 12:51:00.0826619] FArchiveState::bCustomVersionsAreReset = 0x80
[2026-04-19 12:51:00.0826728] FArchiveState::ArShouldSkipBulkData = 0x2B
[2026-04-19 12:51:00.0826835] FArchiveState::ArIsFilterEditorOnly = 0x2B
[2026-04-19 12:51:00.0826946] FArchiveState::ArIsSaveGame = 0x2B
[2026-04-19 12:51:00.0827050] FArchiveState::ArUseCustomPropertyList = 0x2B
[2026-04-19 12:51:00.0827158] FArchiveState::ArPreserveArrayElements = 0x2C
[2026-04-19 12:51:00.0827267] FArchiveState::UEP_TotalSize = 0x90
[2026-04-19 12:51:00.0827371] FArchiveState::ArSerializingDefaults = 0x30
[2026-04-19 12:51:00.0827478] FArchiveState::ArEngineVer = 0x4C
[2026-04-19 12:51:00.0827581] FArchiveState::CustomVersionContainer = 0x58
[2026-04-19 12:51:00.0827688] FArchiveState::SavePackageData = 0x68
[2026-04-19 12:51:00.0827792] FArchiveState::SerializedProperty = 0x70
[2026-04-19 12:51:00.0827901] AActor::NamePrivate = 0x18
[2026-04-19 12:51:00.0828006] AActor::ObjectFlags = 0x8
[2026-04-19 12:51:00.0828109] AActor::World = 0x78
[2026-04-19 12:51:00.0828214] AActor::ActiveSplitscreenType = 0x70
[2026-04-19 12:51:00.0828317] AActor::ViewportConsole = 0x40
[2026-04-19 12:51:00.0828421] AActor::bUseSoftwareCursorWidgets = 0x270
[2026-04-19 12:51:00.0828529] AActor::ClassPrivate = 0x10
[2026-04-19 12:51:00.0828633] AActor::bNetLoadOnClient = 0x59
[2026-04-19 12:51:00.0828737] AActor::InternalIndex_Private = 0xC
[2026-04-19 12:51:00.0828842] AActor::bAllowTickBeforeBeginPlay = 0x5A
[2026-04-19 12:51:00.0828950] AActor::InputPriority = 0x16C
[2026-04-19 12:51:00.0829054] AActor::bForceNetAddressable = 0x59
[2026-04-19 12:51:00.0829157] AActor::bDisableSplitScreenOverride = 0x3B8
[2026-04-19 12:51:00.0829264] AActor::Window = 0x110
[2026-04-19 12:51:00.0829366] AActor::OuterPrivate = 0x20
[2026-04-19 12:51:00.0829468] AActor::bAlwaysRelevant = 0x58
[2026-04-19 12:51:00.0829602] AActor::HardwareCursorCache = 0x180
[2026-04-19 12:51:00.0829706] AActor::DebugProperties = 0x48
[2026-04-19 12:51:00.0829810] AActor::bReplayRewindable = 0x59
[2026-04-19 12:51:00.0829914] AActor::bHidden = 0x58
[2026-04-19 12:51:00.0830019] AActor::CurrentBufferVisualizationMode = 0x140
[2026-04-19 12:51:00.0830126] AActor::UEP_TotalSize = 0x28
[2026-04-19 12:51:00.0830228] AActor::SplitscreenInfo = 0x58
[2026-04-19 12:51:00.0830332] AActor::ViewportOverlayWidget = 0x120
[2026-04-19 12:51:00.0830437] AActor::OnEndPlay = 0x1FF
[2026-04-19 12:51:00.0830539] AActor::bHasAudioFocus = 0x10C
[2026-04-19 12:51:00.0830642] AActor::MaxSplitscreenPlayers = 0x68
[2026-04-19 12:51:00.0830746] AActor::bIsPlayInEditorViewport = 0x6C
[2026-04-19 12:51:00.0830850] AActor::bDisableWorldRendering = 0x6C
[2026-04-19 12:51:00.0830955] AActor::bTearOff = 0x59
[2026-04-19 12:51:00.0831058] AActor::CurrentLumenVisualizationMode = 0x150
[2026-04-19 12:51:00.0831167] AActor::bSuppressTransitionMessage = 0x88
[2026-04-19 12:51:00.0831274] AActor::bReplicateMovement = 0x58
[2026-04-19 12:51:00.0831379] AActor::ViewModeIndex = 0xB0
[2026-04-19 12:51:00.0831483] AActor::bNetUseOwnerRelevancy = 0x59
[2026-04-19 12:51:00.0831588] AActor::AutoReceiveInput = 0x16B
[2026-04-19 12:51:00.0831692] AActor::EngineShowFlags = 0xB8
[2026-04-19 12:51:00.0831794] AActor::Viewport = 0xF8
[2026-04-19 12:51:00.0831896] AActor::MouseLockMode = 0x3BC
[2026-04-19 12:51:00.0831998] AActor::ViewportFrame = 0x100
[2026-04-19 12:51:00.0832101] AActor::AudioDeviceHandle = 0x108
[2026-04-19 12:51:00.0832208] AActor::CurrentGroomVisualizationMode = 0x160
[2026-04-19 12:51:00.0832317] AActor::GameLayerManagerPtr = 0x130
[2026-04-19 12:51:00.0832653] AActor::CurrentNaniteVisualizationMode = 0x148
[2026-04-19 12:51:00.0832774] AActor::CurrentSubstrateVisualizationMode = 0x158
[2026-04-19 12:51:00.0832883] AActor::CurrentVirtualShadowMapVisualizationMode = 0x168
[2026-04-19 12:51:00.0832991] AActor::HighResScreenshotDialog = 0x170
[2026-04-19 12:51:00.0833101] AActor::HardwareCursors = 0x1D0
[2026-04-19 12:51:00.0833205] AActor::CursorWidgets = 0x220
[2026-04-19 12:51:00.0833306] AActor::StatUnitData = 0x3A8
[2026-04-19 12:51:00.0833414] AActor::OnBeginCursorOver = 0x1F5
[2026-04-19 12:51:00.0833520] AActor::StatHitchesData = 0x3B0
[2026-04-19 12:51:00.0833624] AActor::bIgnoreInput = 0x3B9
[2026-04-19 12:51:00.0833728] AActor::MouseCaptureMode = 0x3BA
[2026-04-19 12:51:00.0833834] AActor::bHideCursorDuringCapture = 0x3BB
[2026-04-19 12:51:00.0833940] AActor::bActorEnableCollision = 0x5D
[2026-04-19 12:51:00.0834044] AActor::bIsMouseOverClient = 0x3BD
[2026-04-19 12:51:00.0834150] AActor::PrimaryActorTick = 0x28
[2026-04-19 12:51:00.0834255] AActor::ActorHasBegunPlay = 0x5D
[2026-04-19 12:51:00.0834357] AActor::bNetTemporary = 0x58
[2026-04-19 12:51:00.0834461] AActor::bActorIsBeingConstructed = 0x5D
[2026-04-19 12:51:00.0834631] AActor::bNetStartup = 0x58
[2026-04-19 12:51:00.0834773] AActor::bOnlyRelevantToOwner = 0x58
[2026-04-19 12:51:00.0834910] AActor::bCallPreReplication = 0x58
[2026-04-19 12:51:00.0835046] AActor::bCallPreReplicationForReplay = 0x58
[2026-04-19 12:51:00.0835184] AActor::bExchangedRoles = 0x59
[2026-04-19 12:51:00.0835327] AActor::bRelevantForNetworkReplays = 0x59
[2026-04-19 12:51:00.0835469] AActor::bRelevantForLevelBounds = 0x59
[2026-04-19 12:51:00.0835613] AActor::bAutoDestroyWhenFinished = 0x5A
[2026-04-19 12:51:00.0835740] AActor::bCanBeDamaged = 0x5A
[2026-04-19 12:51:00.0835846] AActor::bBlockInput = 0x5A
[2026-04-19 12:51:00.0835951] AActor::bCollideWhenPlacing = 0x5A
[2026-04-19 12:51:00.0836062] AActor::bFindCameraComponentWhenViewTarget = 0x5A
[2026-04-19 12:51:00.0836210] AActor::bGenerateOverlapEventsDuringLevelStreaming = 0x5A
[2026-04-19 12:51:00.0836347] AActor::bIgnoresOriginShifting = 0x5A
[2026-04-19 12:51:00.0836493] AActor::bHasRegisteredAllComponents = 0x5C
[2026-04-19 12:51:00.0836641] AActor::bEnableAutoLODGeneration = 0x5B
[2026-04-19 12:51:00.0836798] AActor::bIsEditorOnlyActor = 0x5B
[2026-04-19 12:51:00.0836936] AActor::bActorSeamlessTraveled = 0x5B
[2026-04-19 12:51:00.0837086] AActor::bReplicates = 0x5B
[2026-04-19 12:51:00.0837209] AActor::bCanBeInCluster = 0x5B
[2026-04-19 12:51:00.0837318] AActor::bAllowReceiveTickEventOnDedicatedServer = 0x5B
[2026-04-19 12:51:00.0837429] AActor::bNetCheckedInitialPhysicsState = 0x5B
[2026-04-19 12:51:00.0837537] AActor::bReplicateUsingRegisteredSubObjectList = 0x5B
[2026-04-19 12:51:00.0837644] AActor::bHasFinishedSpawning = 0x5C
[2026-04-19 12:51:00.0837749] AActor::bActorInitialized = 0x5C
[2026-04-19 12:51:00.0837858] AActor::bActorBeginningPlayFromLevelStreaming = 0x5C
[2026-04-19 12:51:00.0837964] AActor::bTickFunctionsRegistered = 0x5C
[2026-04-19 12:51:00.0838071] AActor::AttachmentReplication = 0x70
[2026-04-19 12:51:00.0838176] AActor::bHasDeferredComponentRegistration = 0x5C
[2026-04-19 12:51:00.0838282] AActor::bRunningUserConstructionScript = 0x5C
[2026-04-19 12:51:00.0838388] AActor::bHasPreRegisteredAllComponents = 0x5C
[2026-04-19 12:51:00.0838497] AActor::bActorIsBeingDestroyed = 0x5D
[2026-04-19 12:51:00.0838603] AActor::bActorWantsDestroyDuringBeginPlay = 0x5D
[2026-04-19 12:51:00.0838712] AActor::bAsyncPhysicsTickEnabled = 0x5D
[2026-04-19 12:51:00.0838820] AActor::UpdateOverlapsMethodDuringLevelStreaming = 0x5E
[2026-04-19 12:51:00.0838925] AActor::DefaultUpdateOverlapsMethodDuringLevelStreaming = 0x5F
[2026-04-19 12:51:00.0839030] AActor::RemoteRole = 0x60
[2026-04-19 12:51:00.0839134] AActor::ActorCategory = 0x61
[2026-04-19 12:51:00.0839236] AActor::InitialLifeSpan = 0x64
[2026-04-19 12:51:00.0839339] AActor::CustomTimeDilation = 0x68
[2026-04-19 12:51:00.0839446] AActor::RayTracingGroupId = 0x6C
[2026-04-19 12:51:00.0839550] AActor::ReplicatedMovement = 0xD0
[2026-04-19 12:51:00.0839869] AActor::Owner = 0x158
[2026-04-19 12:51:00.0839984] AActor::NetDormancy = 0x169
[2026-04-19 12:51:00.0840089] AActor::NetDriverName = 0x160
[2026-04-19 12:51:00.0840191] AActor::Role = 0x168
[2026-04-19 12:51:00.0840295] AActor::SpawnCollisionHandlingMethod = 0x16A
[2026-04-19 12:51:00.0840402] AActor::CreationTime = 0x170
[2026-04-19 12:51:00.0840504] AActor::InputComponent = 0x178
[2026-04-19 12:51:00.0840608] AActor::NetTag = 0x180
[2026-04-19 12:51:00.0840711] AActor::NetCullDistanceSquared = 0x184
[2026-04-19 12:51:00.0840816] AActor::NetUpdateFrequency = 0x188
[2026-04-19 12:51:00.0840921] AActor::MinNetUpdateFrequency = 0x18C
[2026-04-19 12:51:00.0841024] AActor::NetPriority = 0x190
[2026-04-19 12:51:00.0841127] AActor::PhysicsReplicationMode = 0x194
[2026-04-19 12:51:00.0841231] AActor::LastRenderTime = 0x198
[2026-04-19 12:51:00.0841333] AActor::Children = 0x1A8
[2026-04-19 12:51:00.0841437] AActor::RootComponent = 0x1B8
[2026-04-19 12:51:00.0841540] AActor::TimerHandle_LifeSpanExpired = 0x1C0
[2026-04-19 12:51:00.0841646] AActor::Layers = 0x1C8
[2026-04-19 12:51:00.0841750] AActor::ParentComponent = 0x1D8
[2026-04-19 12:51:00.0841852] AActor::Tags = 0x1E0
[2026-04-19 12:51:00.0841955] AActor::OnTakeAnyDamage = 0x1F0
[2026-04-19 12:51:00.0842059] AActor::OnTakePointDamage = 0x1F1
[2026-04-19 12:51:00.0842164] AActor::OnTakeRadialDamage = 0x1F2
[2026-04-19 12:51:00.0842272] AActor::OnActorBeginOverlap = 0x1F3
[2026-04-19 12:51:00.0842375] AActor::OnActorEndOverlap = 0x1F4
[2026-04-19 12:51:00.0842480] AActor::OnEndCursorOver = 0x1F6
[2026-04-19 12:51:00.0842584] AActor::OnClicked = 0x1F7
[2026-04-19 12:51:00.0842687] AActor::OnReleased = 0x1F8
[2026-04-19 12:51:00.0842791] AActor::OnInputTouchBegin = 0x1F9
[2026-04-19 12:51:00.0842895] AActor::OnInputTouchEnd = 0x1FA
[2026-04-19 12:51:00.0842999] AActor::OnInputTouchEnter = 0x1FB
[2026-04-19 12:51:00.0843105] AActor::OnInputTouchLeave = 0x1FC
[2026-04-19 12:51:00.0843207] AActor::OnActorHit = 0x1FD
[2026-04-19 12:51:00.0843310] AActor::OnDestroyed = 0x1FE
[2026-04-19 12:51:00.0843413] AActor::ReplicatedSubObjects = 0x200
[2026-04-19 12:51:00.0843519] AActor::ReplicatedComponentsInfo = 0x210
[2026-04-19 12:51:00.0843623] AActor::DetachFence = 0x2A0
[2026-04-19 12:51:00.0843730] AGameModeBase::OptionsString = 0x2A8
[2026-04-19 12:51:00.0843836] AGameModeBase::ServerStatReplicator = 0x310
[2026-04-19 12:51:00.0843944] AGameModeBase::GameSessionClass = 0x2B8
[2026-04-19 12:51:00.0844051] AGameModeBase::PlayerStateClass = 0x2D0
[2026-04-19 12:51:00.0844160] AGameModeBase::HUDClass = 0x2D8
[2026-04-19 12:51:00.0844267] AGameModeBase::SpectatorClass = 0x2E8
[2026-04-19 12:51:00.0844372] AGameModeBase::GameSession = 0x300
[2026-04-19 12:51:00.0844476] AGameModeBase::ServerStatReplicatorClass = 0x2F8
[2026-04-19 12:51:00.0844795] AGameModeBase::DefaultPlayerName = 0x318
[2026-04-19 12:51:00.0845214] AGameModeBase::bUseSeamlessTravel = 0x328
[2026-04-19 12:51:00.0845421] AGameModeBase::bStartPlayersAsSpectators = 0x328
[2026-04-19 12:51:00.0845600] AGameModeBase::bPauseable = 0x328
[2026-04-19 12:51:00.0845768] AGameModeBase::GameNetDriverReplicationSystem = 0x32C
[2026-04-19 12:51:00.0845936] AGameModeBase::UEP_TotalSize = 0x340
[2026-04-19 12:51:00.0846097] AGameMode::NumBots = 0x354
[2026-04-19 12:51:00.0846258] AGameMode::MatchState = 0x340
[2026-04-19 12:51:00.0846414] AGameMode::NumSpectators = 0x34C
[2026-04-19 12:51:00.0846581] AGameMode::NumPlayers = 0x350
[2026-04-19 12:51:00.0846746] AGameMode::bDelayedStart = 0x348
[2026-04-19 12:51:00.0846903] AGameMode::MinRespawnDelay = 0x358
[2026-04-19 12:51:00.0847067] AGameMode::EngineMessageClass = 0x360
[2026-04-19 12:51:00.0847233] AGameMode::NumTravellingPlayers = 0x35C
[2026-04-19 12:51:00.0847392] AGameMode::InactivePlayerArray = 0x368
[2026-04-19 12:51:00.0847548] AGameMode::InactivePlayerStateLifeSpan = 0x378
[2026-04-19 12:51:00.0847713] AGameMode::MaxInactivePlayers = 0x37C
[2026-04-19 12:51:00.0847875] AGameMode::bHandleDedicatedServerReplays = 0x380
[2026-04-19 12:51:00.0848075] AGameMode::UEP_TotalSize = 0x388
[2026-04-19 12:51:00.0848255] UEngine::NamePrivate = 0x18
[2026-04-19 12:51:00.0848422] UEngine::ObjectFlags = 0x8
[2026-04-19 12:51:00.0848576] UEngine::World = 0x78
[2026-04-19 12:51:00.0848733] UEngine::ActiveSplitscreenType = 0x70
[2026-04-19 12:51:00.0848895] UEngine::ViewportConsole = 0x40
[2026-04-19 12:51:00.0849061] UEngine::bUseSoftwareCursorWidgets = 0x270
[2026-04-19 12:51:00.0849228] UEngine::ClassPrivate = 0x10
[2026-04-19 12:51:00.0849391] UEngine::bNetLoadOnClient = 0x59
[2026-04-19 12:51:00.0849555] UEngine::InternalIndex_Private = 0xC
[2026-04-19 12:51:00.0849721] UEngine::bAllowTickBeforeBeginPlay = 0x5A
[2026-04-19 12:51:00.0849883] UEngine::InputPriority = 0x16C
[2026-04-19 12:51:00.0850107] UEngine::bForceNetAddressable = 0x59
[2026-04-19 12:51:00.0850406] UEngine::bDisableSplitScreenOverride = 0x3B8
[2026-04-19 12:51:00.0850586] UEngine::Window = 0x110
[2026-04-19 12:51:00.0850762] UEngine::OuterPrivate = 0x20
[2026-04-19 12:51:00.0851056] UEngine::bAlwaysRelevant = 0x58
[2026-04-19 12:51:00.0851227] UEngine::HardwareCursorCache = 0x180
[2026-04-19 12:51:00.0851394] UEngine::DebugProperties = 0x48
[2026-04-19 12:51:00.0851561] UEngine::bReplayRewindable = 0x59
[2026-04-19 12:51:00.0851729] UEngine::bHidden = 0x58
[2026-04-19 12:51:00.0851899] UEngine::CurrentBufferVisualizationMode = 0x140
[2026-04-19 12:51:00.0852075] UEngine::UEP_TotalSize = 0x28
[2026-04-19 12:51:00.0852247] UEngine::SplitscreenInfo = 0x58
[2026-04-19 12:51:00.0852419] UEngine::ViewportOverlayWidget = 0x120
[2026-04-19 12:51:00.0852577] UEngine::OnEndPlay = 0x1FF
[2026-04-19 12:51:00.0852743] UEngine::bHasAudioFocus = 0x10C
[2026-04-19 12:51:00.0852911] UEngine::MaxSplitscreenPlayers = 0x68
[2026-04-19 12:51:00.0853086] UEngine::bIsPlayInEditorViewport = 0x6C
[2026-04-19 12:51:00.0853263] UEngine::bDisableWorldRendering = 0x6C
[2026-04-19 12:51:00.0853433] UEngine::bTearOff = 0x59
[2026-04-19 12:51:00.0853603] UEngine::CurrentLumenVisualizationMode = 0x150
[2026-04-19 12:51:00.0853779] UEngine::bSuppressTransitionMessage = 0x88
[2026-04-19 12:51:00.0853950] UEngine::bReplicateMovement = 0x58
[2026-04-19 12:51:00.0854110] UEngine::ViewModeIndex = 0xB0
[2026-04-19 12:51:00.0854283] UEngine::bNetUseOwnerRelevancy = 0x59
[2026-04-19 12:51:00.0854456] UEngine::AutoReceiveInput = 0x16B
[2026-04-19 12:51:00.0854625] UEngine::EngineShowFlags = 0xB8
[2026-04-19 12:51:00.0854795] UEngine::Viewport = 0xF8
[2026-04-19 12:51:00.0854967] UEngine::MouseLockMode = 0x3BC
[2026-04-19 12:51:00.0855127] UEngine::ViewportFrame = 0x100
[2026-04-19 12:51:00.0855294] UEngine::AudioDeviceHandle = 0x108
[2026-04-19 12:51:00.0855457] UEngine::CurrentGroomVisualizationMode = 0x160
[2026-04-19 12:51:00.0855634] UEngine::GameLayerManagerPtr = 0x130
[2026-04-19 12:51:00.0855804] UEngine::CurrentNaniteVisualizationMode = 0x148
[2026-04-19 12:51:00.0855981] UEngine::CurrentSubstrateVisualizationMode = 0x158
[2026-04-19 12:51:00.0856157] UEngine::CurrentVirtualShadowMapVisualizationMode = 0x168
[2026-04-19 12:51:00.0856318] UEngine::HighResScreenshotDialog = 0x170
[2026-04-19 12:51:00.0856488] UEngine::HardwareCursors = 0x1D0
[2026-04-19 12:51:00.0856654] UEngine::CursorWidgets = 0x220
[2026-04-19 12:51:00.0856825] UEngine::StatUnitData = 0x3A8
[2026-04-19 12:51:00.0856997] UEngine::OnBeginCursorOver = 0x1F5
[2026-04-19 12:51:00.0857169] UEngine::StatHitchesData = 0x3B0
[2026-04-19 12:51:00.0857337] UEngine::bIgnoreInput = 0x3B9
[2026-04-19 12:51:00.0857502] UEngine::MouseCaptureMode = 0x3BA
[2026-04-19 12:51:00.0857671] UEngine::bHideCursorDuringCapture = 0x3BB
[2026-04-19 12:51:00.0857843] UEngine::bActorEnableCollision = 0x5D
[2026-04-19 12:51:00.0858016] UEngine::bIsMouseOverClient = 0x3BD
[2026-04-19 12:51:00.0858189] UEngine::PrimaryActorTick = 0x28
[2026-04-19 12:51:00.0858359] UEngine::ActorHasBegunPlay = 0x5D
[2026-04-19 12:51:00.0858528] UEngine::bNetTemporary = 0x58
[2026-04-19 12:51:00.0858696] UEngine::bActorIsBeingConstructed = 0x5D
[2026-04-19 12:51:00.0858865] UEngine::bNetStartup = 0x58
[2026-04-19 12:51:00.0859044] UEngine::bOnlyRelevantToOwner = 0x58
[2026-04-19 12:51:00.0859225] UEngine::bCallPreReplication = 0x58
[2026-04-19 12:51:00.0859398] UEngine::bCallPreReplicationForReplay = 0x58
[2026-04-19 12:51:00.0859572] UEngine::bExchangedRoles = 0x59
[2026-04-19 12:51:00.0859745] UEngine::bRelevantForNetworkReplays = 0x59
[2026-04-19 12:51:00.0859921] UEngine::bRelevantForLevelBounds = 0x59
[2026-04-19 12:51:00.0860092] UEngine::bAutoDestroyWhenFinished = 0x5A
[2026-04-19 12:51:00.0860256] UEngine::bCanBeDamaged = 0x5A
[2026-04-19 12:51:00.0860427] UEngine::bBlockInput = 0x5A
[2026-04-19 12:51:00.0860598] UEngine::bCollideWhenPlacing = 0x5A
[2026-04-19 12:51:00.0860764] UEngine::bFindCameraComponentWhenViewTarget = 0x5A
[2026-04-19 12:51:00.0860941] UEngine::bGenerateOverlapEventsDuringLevelStreaming = 0x5A
[2026-04-19 12:51:00.0861115] UEngine::bIgnoresOriginShifting = 0x5A
[2026-04-19 12:51:00.0861276] UEngine::bHasRegisteredAllComponents = 0x5C
[2026-04-19 12:51:00.0861446] UEngine::bEnableAutoLODGeneration = 0x5B
[2026-04-19 12:51:00.0861614] UEngine::bIsEditorOnlyActor = 0x5B
[2026-04-19 12:51:00.0861788] UEngine::bActorSeamlessTraveled = 0x5B
[2026-04-19 12:51:00.0861976] UEngine::bReplicates = 0x5B
[2026-04-19 12:51:00.0862152] UEngine::bCanBeInCluster = 0x5B
[2026-04-19 12:51:00.0862326] UEngine::bAllowReceiveTickEventOnDedicatedServer = 0x5B
[2026-04-19 12:51:00.0862490] UEngine::bNetCheckedInitialPhysicsState = 0x5B
[2026-04-19 12:51:00.0862660] UEngine::bReplicateUsingRegisteredSubObjectList = 0x5B
[2026-04-19 12:51:00.0862828] UEngine::bHasFinishedSpawning = 0x5C
[2026-04-19 12:51:00.0862992] UEngine::bActorInitialized = 0x5C
[2026-04-19 12:51:00.0863163] UEngine::bActorBeginningPlayFromLevelStreaming = 0x5C
[2026-04-19 12:51:00.0863339] UEngine::bTickFunctionsRegistered = 0x5C
[2026-04-19 12:51:00.0863511] UEngine::AttachmentReplication = 0x70
[2026-04-19 12:51:00.0863681] UEngine::bHasDeferredComponentRegistration = 0x5C
[2026-04-19 12:51:00.0863855] UEngine::bRunningUserConstructionScript = 0x5C
[2026-04-19 12:51:00.0864023] UEngine::bHasPreRegisteredAllComponents = 0x5C
[2026-04-19 12:51:00.0864191] UEngine::bActorIsBeingDestroyed = 0x5D
[2026-04-19 12:51:00.0864360] UEngine::bActorWantsDestroyDuringBeginPlay = 0x5D
[2026-04-19 12:51:00.0864534] UEngine::bAsyncPhysicsTickEnabled = 0x5D
[2026-04-19 12:51:00.0864712] UEngine::UpdateOverlapsMethodDuringLevelStreaming = 0x5E
[2026-04-19 12:51:00.0864884] UEngine::DefaultUpdateOverlapsMethodDuringLevelStreaming = 0x5F
[2026-04-19 12:51:00.0865059] UEngine::RemoteRole = 0x60
[2026-04-19 12:51:00.0865226] UEngine::ActorCategory = 0x61
[2026-04-19 12:51:00.0865394] UEngine::InitialLifeSpan = 0x64
[2026-04-19 12:51:00.0865563] UEngine::CustomTimeDilation = 0x68
[2026-04-19 12:51:00.0865735] UEngine::RayTracingGroupId = 0x6C
[2026-04-19 12:51:00.0865908] UEngine::ReplicatedMovement = 0xD0
[2026-04-19 12:51:00.0866078] UEngine::Owner = 0x158
[2026-04-19 12:51:00.0866247] UEngine::NetDormancy = 0x169
[2026-04-19 12:51:00.0866414] UEngine::NetDriverName = 0x160
[2026-04-19 12:51:00.0866578] UEngine::Role = 0x168
[2026-04-19 12:51:00.0866735] UEngine::SpawnCollisionHandlingMethod = 0x16A
[2026-04-19 12:51:00.0866908] UEngine::CreationTime = 0x170
[2026-04-19 12:51:00.0867078] UEngine::InputComponent = 0x178
[2026-04-19 12:51:00.0867241] UEngine::NetTag = 0x180
[2026-04-19 12:51:00.0867412] UEngine::NetCullDistanceSquared = 0x184
[2026-04-19 12:51:00.0867586] UEngine::NetUpdateFrequency = 0x188
[2026-04-19 12:51:00.0867748] UEngine::MinNetUpdateFrequency = 0x18C
[2026-04-19 12:51:00.0867907] UEngine::NetPriority = 0x190
[2026-04-19 12:51:00.0868071] UEngine::PhysicsReplicationMode = 0x194
[2026-04-19 12:51:00.0868249] UEngine::LastRenderTime = 0x198
[2026-04-19 12:51:00.0868419] UEngine::Children = 0x1A8
[2026-04-19 12:51:00.0868585] UEngine::RootComponent = 0x1B8
[2026-04-19 12:51:00.0868755] UEngine::TimerHandle_LifeSpanExpired = 0x1C0
[2026-04-19 12:51:00.0868926] UEngine::Layers = 0x1C8
[2026-04-19 12:51:00.0869092] UEngine::ParentComponent = 0x1D8
[2026-04-19 12:51:00.0869274] UEngine::Tags = 0x1E0
[2026-04-19 12:51:00.0869457] UEngine::OnTakeAnyDamage = 0x1F0
[2026-04-19 12:51:00.0869629] UEngine::OnTakePointDamage = 0x1F1
[2026-04-19 12:51:00.0869801] UEngine::OnTakeRadialDamage = 0x1F2
[2026-04-19 12:51:00.0869970] UEngine::OnActorBeginOverlap = 0x1F3
[2026-04-19 12:51:00.0870138] UEngine::OnActorEndOverlap = 0x1F4
[2026-04-19 12:51:00.0870301] UEngine::OnEndCursorOver = 0x1F6
[2026-04-19 12:51:00.0870541] UEngine::OnClicked = 0x1F7
[2026-04-19 12:51:00.0870996] UEngine::OnReleased = 0x1F8
[2026-04-19 12:51:00.0871204] UEngine::OnInputTouchBegin = 0x1F9
[2026-04-19 12:51:00.0871383] UEngine::OnInputTouchEnd = 0x1FA
[2026-04-19 12:51:00.0871553] UEngine::OnInputTouchEnter = 0x1FB
[2026-04-19 12:51:00.0871723] UEngine::OnInputTouchLeave = 0x1FC
[2026-04-19 12:51:00.0871894] UEngine::OnActorHit = 0x1FD
[2026-04-19 12:51:00.0872059] UEngine::OnDestroyed = 0x1FE
[2026-04-19 12:51:00.0872223] UEngine::ReplicatedSubObjects = 0x200
[2026-04-19 12:51:00.0872390] UEngine::ReplicatedComponentsInfo = 0x210
[2026-04-19 12:51:00.0872561] UEngine::DetachFence = 0x2A0
[2026-04-19 12:51:00.0872727] UGameViewportClient::NamePrivate = 0x18
[2026-04-19 12:51:00.0872898] UGameViewportClient::ObjectFlags = 0x8
[2026-04-19 12:51:00.0873067] UGameViewportClient::World = 0x78
[2026-04-19 12:51:00.0873232] UGameViewportClient::ActiveSplitscreenType = 0x70
[2026-04-19 12:51:00.0873403] UGameViewportClient::ViewportConsole = 0x40
[2026-04-19 12:51:00.0873571] UGameViewportClient::bUseSoftwareCursorWidgets = 0x270
[2026-04-19 12:51:00.0873741] UGameViewportClient::ClassPrivate = 0x10
[2026-04-19 12:51:00.0873911] UGameViewportClient::bNetLoadOnClient = 0x59
[2026-04-19 12:51:00.0874079] UGameViewportClient::InternalIndex_Private = 0xC
[2026-04-19 12:51:00.0874247] UGameViewportClient::bAllowTickBeforeBeginPlay = 0x5A
[2026-04-19 12:51:00.0874415] UGameViewportClient::InputPriority = 0x16C
[2026-04-19 12:51:00.0874585] UGameViewportClient::bForceNetAddressable = 0x59
[2026-04-19 12:51:00.0874754] UGameViewportClient::bDisableSplitScreenOverride = 0x3B8
[2026-04-19 12:51:00.0874922] UGameViewportClient::Window = 0x110
[2026-04-19 12:51:00.0875087] UGameViewportClient::OuterPrivate = 0x20
[2026-04-19 12:51:00.0875255] UGameViewportClient::bAlwaysRelevant = 0x58
[2026-04-19 12:51:00.0875424] UGameViewportClient::HardwareCursorCache = 0x180
[2026-04-19 12:51:00.0875593] UGameViewportClient::DebugProperties = 0x48
[2026-04-19 12:51:00.0875761] UGameViewportClient::bReplayRewindable = 0x59
[2026-04-19 12:51:00.0875932] UGameViewportClient::bHidden = 0x58
[2026-04-19 12:51:00.0876094] UGameViewportClient::CurrentBufferVisualizationMode = 0x140
[2026-04-19 12:51:00.0876264] UGameViewportClient::UEP_TotalSize = 0x28
[2026-04-19 12:51:00.0876432] UGameViewportClient::SplitscreenInfo = 0x58
[2026-04-19 12:51:00.0876600] UGameViewportClient::ViewportOverlayWidget = 0x120
[2026-04-19 12:51:00.0876765] UGameViewportClient::OnEndPlay = 0x1FF
[2026-04-19 12:51:00.0876931] UGameViewportClient::bHasAudioFocus = 0x10C
[2026-04-19 12:51:00.0877101] UGameViewportClient::MaxSplitscreenPlayers = 0x68
[2026-04-19 12:51:00.0877268] UGameViewportClient::bIsPlayInEditorViewport = 0x6C
[2026-04-19 12:51:00.0877430] UGameViewportClient::bDisableWorldRendering = 0x6C
[2026-04-19 12:51:00.0877595] UGameViewportClient::bTearOff = 0x59
[2026-04-19 12:51:00.0877756] UGameViewportClient::CurrentLumenVisualizationMode = 0x150
[2026-04-19 12:51:00.0877917] UGameViewportClient::bSuppressTransitionMessage = 0x88
[2026-04-19 12:51:00.0878081] UGameViewportClient::bReplicateMovement = 0x58
[2026-04-19 12:51:00.0878252] UGameViewportClient::ViewModeIndex = 0xB0
[2026-04-19 12:51:00.0878420] UGameViewportClient::bNetUseOwnerRelevancy = 0x59
[2026-04-19 12:51:00.0878587] UGameViewportClient::AutoReceiveInput = 0x16B
[2026-04-19 12:51:00.0878757] UGameViewportClient::EngineShowFlags = 0xB8
[2026-04-19 12:51:00.0878927] UGameViewportClient::Viewport = 0xF8
[2026-04-19 12:51:00.0879091] UGameViewportClient::MouseLockMode = 0x3BC
[2026-04-19 12:51:00.0879291] UGameViewportClient::ViewportFrame = 0x100
[2026-04-19 12:51:00.0879478] UGameViewportClient::AudioDeviceHandle = 0x108
[2026-04-19 12:51:00.0879646] UGameViewportClient::CurrentGroomVisualizationMode = 0x160
[2026-04-19 12:51:00.0879808] UGameViewportClient::GameLayerManagerPtr = 0x130
[2026-04-19 12:51:00.0879975] UGameViewportClient::CurrentNaniteVisualizationMode = 0x148
[2026-04-19 12:51:00.0880139] UGameViewportClient::CurrentSubstrateVisualizationMode = 0x158
[2026-04-19 12:51:00.0880305] UGameViewportClient::CurrentVirtualShadowMapVisualizationMode = 0x168
[2026-04-19 12:51:00.0880472] UGameViewportClient::HighResScreenshotDialog = 0x170
[2026-04-19 12:51:00.0880642] UGameViewportClient::HardwareCursors = 0x1D0
[2026-04-19 12:51:00.0880811] UGameViewportClient::CursorWidgets = 0x220
[2026-04-19 12:51:00.0880980] UGameViewportClient::StatUnitData = 0x3A8
[2026-04-19 12:51:00.0881150] UGameViewportClient::OnBeginCursorOver = 0x1F5
[2026-04-19 12:51:00.0881320] UGameViewportClient::StatHitchesData = 0x3B0
[2026-04-19 12:51:00.0881490] UGameViewportClient::bIgnoreInput = 0x3B9
[2026-04-19 12:51:00.0881660] UGameViewportClient::MouseCaptureMode = 0x3BA
[2026-04-19 12:51:00.0881828] UGameViewportClient::bHideCursorDuringCapture = 0x3BB
[2026-04-19 12:51:00.0881992] UGameViewportClient::bActorEnableCollision = 0x5D
[2026-04-19 12:51:00.0882157] UGameViewportClient::bIsMouseOverClient = 0x3BD
[2026-04-19 12:51:00.0882324] UGameViewportClient::PrimaryActorTick = 0x28
[2026-04-19 12:51:00.0882494] UGameViewportClient::ActorHasBegunPlay = 0x5D
[2026-04-19 12:51:00.0882662] UGameViewportClient::bNetTemporary = 0x58
[2026-04-19 12:51:00.0882828] UGameViewportClient::bActorIsBeingConstructed = 0x5D
[2026-04-19 12:51:00.0882996] UGameViewportClient::bNetStartup = 0x58
[2026-04-19 12:51:00.0883161] UGameViewportClient::bOnlyRelevantToOwner = 0x58
[2026-04-19 12:51:00.0883327] UGameViewportClient::bCallPreReplication = 0x58
[2026-04-19 12:51:00.0883495] UGameViewportClient::bCallPreReplicationForReplay = 0x58
[2026-04-19 12:51:00.0883661] UGameViewportClient::bExchangedRoles = 0x59
[2026-04-19 12:51:00.0883835] UGameViewportClient::bRelevantForNetworkReplays = 0x59
[2026-04-19 12:51:00.0883997] UGameViewportClient::bRelevantForLevelBounds = 0x59
[2026-04-19 12:51:00.0884161] UGameViewportClient::bAutoDestroyWhenFinished = 0x5A
[2026-04-19 12:51:00.0884327] UGameViewportClient::bCanBeDamaged = 0x5A
[2026-04-19 12:51:00.0884496] UGameViewportClient::bBlockInput = 0x5A
[2026-04-19 12:51:00.0884664] UGameViewportClient::bCollideWhenPlacing = 0x5A
[2026-04-19 12:51:00.0884836] UGameViewportClient::bFindCameraComponentWhenViewTarget = 0x5A
[2026-04-19 12:51:00.0885001] UGameViewportClient::bGenerateOverlapEventsDuringLevelStreaming = 0x5A
[2026-04-19 12:51:00.0885164] UGameViewportClient::bIgnoresOriginShifting = 0x5A
[2026-04-19 12:51:00.0885333] UGameViewportClient::bHasRegisteredAllComponents = 0x5C
[2026-04-19 12:51:00.0885494] UGameViewportClient::bEnableAutoLODGeneration = 0x5B
[2026-04-19 12:51:00.0885658] UGameViewportClient::bIsEditorOnlyActor = 0x5B
[2026-04-19 12:51:00.0885827] UGameViewportClient::bActorSeamlessTraveled = 0x5B
[2026-04-19 12:51:00.0885994] UGameViewportClient::bReplicates = 0x5B
[2026-04-19 12:51:00.0886162] UGameViewportClient::bCanBeInCluster = 0x5B
[2026-04-19 12:51:00.0886332] UGameViewportClient::bAllowReceiveTickEventOnDedicatedServer = 0x5B
[2026-04-19 12:51:00.0886497] UGameViewportClient::bNetCheckedInitialPhysicsState = 0x5B
[2026-04-19 12:51:00.0886663] UGameViewportClient::bReplicateUsingRegisteredSubObjectList = 0x5B
[2026-04-19 12:51:00.0886828] UGameViewportClient::bHasFinishedSpawning = 0x5C
[2026-04-19 12:51:00.0886997] UGameViewportClient::bActorInitialized = 0x5C
[2026-04-19 12:51:00.0887169] UGameViewportClient::bActorBeginningPlayFromLevelStreaming = 0x5C
[2026-04-19 12:51:00.0887332] UGameViewportClient::bTickFunctionsRegistered = 0x5C
[2026-04-19 12:51:00.0887496] UGameViewportClient::AttachmentReplication = 0x70
[2026-04-19 12:51:00.0887663] UGameViewportClient::bHasDeferredComponentRegistration = 0x5C
[2026-04-19 12:51:00.0887854] UGameViewportClient::bRunningUserConstructionScript = 0x5C
[2026-04-19 12:51:00.0888021] UGameViewportClient::bHasPreRegisteredAllComponents = 0x5C
[2026-04-19 12:51:00.0888183] UGameViewportClient::bActorIsBeingDestroyed = 0x5D
[2026-04-19 12:51:00.0888349] UGameViewportClient::bActorWantsDestroyDuringBeginPlay = 0x5D
[2026-04-19 12:51:00.0888511] UGameViewportClient::bAsyncPhysicsTickEnabled = 0x5D
[2026-04-19 12:51:00.0888679] UGameViewportClient::UpdateOverlapsMethodDuringLevelStreaming = 0x5E
[2026-04-19 12:51:00.0888849] UGameViewportClient::DefaultUpdateOverlapsMethodDuringLevelStreaming = 0x5F
[2026-04-19 12:51:00.0889012] UGameViewportClient::RemoteRole = 0x60
[2026-04-19 12:51:00.0889178] UGameViewportClient::ActorCategory = 0x61
[2026-04-19 12:51:00.0889349] UGameViewportClient::InitialLifeSpan = 0x64
[2026-04-19 12:51:00.0889519] UGameViewportClient::CustomTimeDilation = 0x68
[2026-04-19 12:51:00.0889690] UGameViewportClient::RayTracingGroupId = 0x6C
[2026-04-19 12:51:00.0889858] UGameViewportClient::ReplicatedMovement = 0xD0
[2026-04-19 12:51:00.0890029] UGameViewportClient::Owner = 0x158
[2026-04-19 12:51:00.0890194] UGameViewportClient::NetDormancy = 0x169
[2026-04-19 12:51:00.0890365] UGameViewportClient::NetDriverName = 0x160
[2026-04-19 12:51:00.0890536] UGameViewportClient::Role = 0x168
[2026-04-19 12:51:00.0890697] UGameViewportClient::SpawnCollisionHandlingMethod = 0x16A
[2026-04-19 12:51:00.0890862] UGameViewportClient::CreationTime = 0x170
[2026-04-19 12:51:00.0891031] UGameViewportClient::InputComponent = 0x178
[2026-04-19 12:51:00.0891200] UGameViewportClient::NetTag = 0x180
[2026-04-19 12:51:00.0891361] UGameViewportClient::NetCullDistanceSquared = 0x184
[2026-04-19 12:51:00.0891526] UGameViewportClient::NetUpdateFrequency = 0x188
[2026-04-19 12:51:00.0891693] UGameViewportClient::MinNetUpdateFrequency = 0x18C
[2026-04-19 12:51:00.0891857] UGameViewportClient::NetPriority = 0x190
[2026-04-19 12:51:00.0892023] UGameViewportClient::PhysicsReplicationMode = 0x194
[2026-04-19 12:51:00.0892192] UGameViewportClient::LastRenderTime = 0x198
[2026-04-19 12:51:00.0892362] UGameViewportClient::Children = 0x1A8
[2026-04-19 12:51:00.0892526] UGameViewportClient::RootComponent = 0x1B8
[2026-04-19 12:51:00.0892694] UGameViewportClient::TimerHandle_LifeSpanExpired = 0x1C0
[2026-04-19 12:51:00.0892859] UGameViewportClient::Layers = 0x1C8
[2026-04-19 12:51:00.0893027] UGameViewportClient::ParentComponent = 0x1D8
[2026-04-19 12:51:00.0893200] UGameViewportClient::Tags = 0x1E0
[2026-04-19 12:51:00.0893367] UGameViewportClient::OnTakeAnyDamage = 0x1F0
[2026-04-19 12:51:00.0893535] UGameViewportClient::OnTakePointDamage = 0x1F1
[2026-04-19 12:51:00.0893704] UGameViewportClient::OnTakeRadialDamage = 0x1F2
[2026-04-19 12:51:00.0893871] UGameViewportClient::OnActorBeginOverlap = 0x1F3
[2026-04-19 12:51:00.0894039] UGameViewportClient::OnActorEndOverlap = 0x1F4
[2026-04-19 12:51:00.0894210] UGameViewportClient::OnEndCursorOver = 0x1F6
[2026-04-19 12:51:00.0894378] UGameViewportClient::OnClicked = 0x1F7
[2026-04-19 12:51:00.0894541] UGameViewportClient::OnReleased = 0x1F8
[2026-04-19 12:51:00.0894710] UGameViewportClient::OnInputTouchBegin = 0x1F9
[2026-04-19 12:51:00.0894878] UGameViewportClient::OnInputTouchEnd = 0x1FA
[2026-04-19 12:51:00.0895045] UGameViewportClient::OnInputTouchEnter = 0x1FB
[2026-04-19 12:51:00.0895216] UGameViewportClient::OnInputTouchLeave = 0x1FC
[2026-04-19 12:51:00.0895386] UGameViewportClient::OnActorHit = 0x1FD
[2026-04-19 12:51:00.0895553] UGameViewportClient::OnDestroyed = 0x1FE
[2026-04-19 12:51:00.0895720] UGameViewportClient::ReplicatedSubObjects = 0x200
[2026-04-19 12:51:00.0895885] UGameViewportClient::ReplicatedComponentsInfo = 0x210
[2026-04-19 12:51:00.0896052] UGameViewportClient::DetachFence = 0x2A0
[2026-04-19 12:51:00.0896224] UPlayer::CurrentNetSpeed = 0x38
[2026-04-19 12:51:00.0896388] UPlayer::UEP_TotalSize = 0x48
[2026-04-19 12:51:00.0896553] UPlayer::ConfiguredLanSpeed = 0x40
[2026-04-19 12:51:00.0896717] UPlayer::ConfiguredInternetSpeed = 0x3C
[2026-04-19 12:51:00.0896901] ULocalPlayer::SlateOperations = 0x1F8
[2026-04-19 12:51:00.0897071] ULocalPlayer::ControllerId = 0xE0
[2026-04-19 12:51:00.0897238] ULocalPlayer::CachedUniqueNetId = 0x48
[2026-04-19 12:51:00.0897403] ULocalPlayer::ViewportClient = 0x78
[2026-04-19 12:51:00.0897566] ULocalPlayer::AspectRatioAxisConstraint = 0xB8
[2026-04-19 12:51:00.0897736] ULocalPlayer::bSentSplitJoin = 0xC8
[2026-04-19 12:51:00.0897900] ULocalPlayer::PlatformUserId = 0x100
[2026-04-19 12:51:00.0898065] ULocalPlayer::UEP_TotalSize = 0x2B0
[2026-04-19 12:51:00.0898232] UWorld::PerModuleDataObjects = 0x80
[2026-04-19 12:51:00.0898398] UWorld::ExtraReferencedObjects = 0x70
[2026-04-19 12:51:00.0898565] UWorld::bShouldForceVisibleStreamingLevels = 0x18E
[2026-04-19 12:51:00.0898732] UWorld::bSupportsMakingVisibleTransactionRequests = 0x110
[2026-04-19 12:51:00.0898893] UWorld::bAggressiveLOD = 0x18C
[2026-04-19 12:51:00.0899058] UWorld::StreamingLevelsPrefix = 0xD0
[2026-04-19 12:51:00.0899224] UWorld::bSupportsMakingInvisibleTransactionRequests = 0x112
[2026-04-19 12:51:00.0899384] UWorld::bPlayersOnly = 0x18D
[2026-04-19 12:51:00.0899551] UWorld::DeltaTimeSeconds = 0x7BC
[2026-04-19 12:51:00.0899716] UWorld::bDoDelayedUpdateCullDistanceVolumes = 0x18C
[2026-04-19 12:51:00.0899884] UWorld::PendingVisibilityLock = 0x118
[2026-04-19 12:51:00.0900050] UWorld::bIsRunningConstructionScript = 0x18C
[2026-04-19 12:51:00.0900224] UWorld::bAllowDeferredPhysicsStateCreation = 0x158
[2026-04-19 12:51:00.0900387] UWorld::LastRenderTime = 0x180
[2026-04-19 12:51:00.0900553] UWorld::bPlayersOnlyPending = 0x18D
[2026-04-19 12:51:00.0900716] UWorld::bWorldWasLoadedThisTick = 0x18B
[2026-04-19 12:51:00.0900884] UWorld::StreamingVolumeUpdateDelay = 0x754
[2026-04-19 12:51:00.0901055] UWorld::bIsLevelStreamingFrozen = 0x18B
[2026-04-19 12:51:00.0901224] UWorld::bTriggerPostLoadMap = 0x18B
[2026-04-19 12:51:00.0901388] UWorld::bInTick = 0x18B
[2026-04-19 12:51:00.0901550] UWorld::TimeSeconds = 0x798
[2026-04-19 12:51:00.0901712] UWorld::bIsBuilt = 0x18B
[2026-04-19 12:51:00.0901874] UWorld::DeltaRealTimeSeconds = 0x7B8
[2026-04-19 12:51:00.0902037] UWorld::bTickNewlySpawned = 0x18B
[2026-04-19 12:51:00.0902203] UWorld::AuthorityGameMode = 0x1A8
[2026-04-19 12:51:00.0902368] UWorld::bPostTickComponentUpdate = 0x18B
[2026-04-19 12:51:00.0902538] UWorld::bShouldSimulatePhysics = 0x18C
[2026-04-19 12:51:00.0902701] UWorld::bIsWorldInitialized = 0x18B
[2026-04-19 12:51:00.0902865] UWorld::bRequestedBlockOnAsyncLoading = 0x18C
[2026-04-19 12:51:00.0903033] UWorld::bDropDetail = 0x18C
[2026-04-19 12:51:00.0903196] UWorld::PlayerNum = 0x750
[2026-04-19 12:51:00.0903359] UWorld::bIsDefaultLevel = 0x18C
[2026-04-19 12:51:00.0903524] UWorld::bIsBeingCleanedUp = 0x190
[2026-04-19 12:51:00.0903687] UWorld::bActorsInitialized = 0x18C
[2026-04-19 12:51:00.0903850] UWorld::bBegunPlay = 0x18D
[2026-04-19 12:51:00.0904013] UWorld::bIsCameraMoveableWhenPaused = 0x18E
[2026-04-19 12:51:00.0904180] UWorld::bMatchStarted = 0x18D
[2026-04-19 12:51:00.0904341] UWorld::bStartup = 0x18D
[2026-04-19 12:51:00.0904503] UWorld::bAreConstraintsDirty = 0x18E
[2026-04-19 12:51:00.0904664] UWorld::bIsTearingDown = 0x18D
[2026-04-19 12:51:00.0904828] UWorld::bKismetScriptError = 0x18D
[2026-04-19 12:51:00.0904992] UWorld::bDebugPauseExecution = 0x18D
[2026-04-19 12:51:00.0905164] UWorld::ActiveLevelCollectionIndex = 0x1E8
[2026-04-19 12:51:00.0905335] UWorld::bAllowAudioPlayback = 0x18E
[2026-04-19 12:51:00.0905498] UWorld::bRequiresHitProxies = 0x18E
[2026-04-19 12:51:00.0905660] UWorld::bShouldTick = 0x18E
[2026-04-19 12:51:00.0905823] UWorld::bStreamingDataDirty = 0x18E
[2026-04-19 12:51:00.0905987] UWorld::bShouldForceUnloadStreamingLevels = 0x18E
[2026-04-19 12:51:00.0906151] UWorld::NextURL = 0x818
[2026-04-19 12:51:00.0906316] UWorld::RealTimeSeconds = 0x7A8
[2026-04-19 12:51:00.0906483] UWorld::bMaterialParameterCollectionInstanceNeedsDeferredUpdate = 0x18F
[2026-04-19 12:51:00.0906644] UWorld::NextSwitchCountdown = 0x7F8
[2026-04-19 12:51:00.0906822] UWorld::bHasEverBeenInitialized = 0x18F
[2026-04-19 12:51:00.0906994] UWorld::PreparingLevelNames = 0x828
[2026-04-19 12:51:00.0907158] UWorld::IsInBlockTillLevelStreamingCompleted = 0x194
[2026-04-19 12:51:00.0907326] UWorld::BlockTillLevelStreamingCompletedEpoch = 0x198
[2026-04-19 12:51:00.0907492] UWorld::BuildStreamingDataTimer = 0x558
[2026-04-19 12:51:00.0907658] UWorld::URL = 0x680
[2026-04-19 12:51:00.0907821] UWorld::LastTimeUnbuiltLightingWasEncountered = 0x790
[2026-04-19 12:51:00.0907986] UWorld::UnpausedTimeSeconds = 0x7A0
[2026-04-19 12:51:00.0908153] UWorld::CommittedPersistentLevelName = 0x838
[2026-04-19 12:51:00.0908324] UWorld::AudioTimeSeconds = 0x7B0
[2026-04-19 12:51:00.0908486] UWorld::PauseDelay = 0x7C0
[2026-04-19 12:51:00.0908648] UWorld::NumStreamingLevelsBeingLoaded = 0x812
[2026-04-19 12:51:00.0908821] UWorld::bMarkedObjectsPendingKill = 0x840
[2026-04-19 12:51:00.0908992] UWorld::CleanupWorldTag = 0x844
[2026-04-19 12:51:00.0909153] UWorld::UEP_TotalSize = 0x9E8
[2026-04-19 12:51:00.0909316] UDataTable::RowStruct = 0x28
[2026-04-19 12:51:00.0909476] UDataTable::RowMap = 0x30
[2026-04-19 12:51:00.0909644] UDataTable::bStripFromClientBuilds = 0x80
[2026-04-19 12:51:00.0909813] UDataTable::bPreserveExistingValues = 0x80
[2026-04-19 12:51:00.0909983] UDataTable::bIgnoreExtraFields = 0x80
[2026-04-19 12:51:00.0910147] UDataTable::bIgnoreMissingFields = 0x80
[2026-04-19 12:51:00.0910315] UDataTable::UEP_TotalSize = 0xB0
[2026-04-19 12:51:00.0910478] UDataTable::ImportKeyField = 0x88
[2026-04-19 12:51:00.0910640] FUObjectItem::Object = 0x0
[2026-04-19 12:51:00.0910800] FUObjectItem::Flags = 0x8
[2026-04-19 12:51:00.0910961] FUObjectItem::RefCount = 0x14
[2026-04-19 12:51:00.0911126] FUObjectItem::ClusterRootIndex = 0xC
[2026-04-19 12:51:00.0911290] FUObjectItem::SerialNumber = 0x10
[2026-04-19 12:51:00.0911454] FUObjectItem::UEP_TotalSize = 0x18
[2026-04-19 12:51:00.0911619] FUObjectArray::ObjFirstGCIndex = 0x0
[2026-04-19 12:51:00.0911780] FUObjectArray::ObjLastNonGCIndex = 0x4
[2026-04-19 12:51:00.0911941] FUObjectArray::MaxObjectsNotConsideredByGC = 0x8
[2026-04-19 12:51:00.0912112] FUObjectArray::ObjObjects = 0x10
[2026-04-19 12:51:00.0912277] FUObjectArray::UObjectCreateListeners = 0x68
[2026-04-19 12:51:00.0912447] FUObjectArray::OpenForDisregardForGC = 0xC
[2026-04-19 12:51:00.0912618] FUObjectArray::UObjectDeleteListeners = 0x78
[2026-04-19 12:51:00.0912790] FUObjectArray::ObjAvailableList = 0x58
[2026-04-19 12:51:00.0912955] FUObjectArray::PrimarySerialNumber = 0xB0
[2026-04-19 12:51:00.0913123] FUObjectArray::bShouldRecycleObjectIndices = 0xB4
[2026-04-19 12:51:00.0913291] FUObjectArray::UEP_TotalSize = 0xB8
[2026-04-19 12:51:00.0913457] TUObjectArray::NumChunks = 0x1C
[2026-04-19 12:51:00.0913621] TUObjectArray::Objects = 0x0
[2026-04-19 12:51:00.0913785] TUObjectArray::UEP_TotalSize = 0x20
[2026-04-19 12:51:00.0913946] TUObjectArray::PreAllocatedObjects = 0x8
[2026-04-19 12:51:00.0914115] TUObjectArray::MaxElements = 0x10
[2026-04-19 12:51:00.0914279] TUObjectArray::NumElements = 0x14
[2026-04-19 12:51:00.0914444] TUObjectArray::MaxChunks = 0x18
[2026-04-19 12:51:00.0914608] 
##### MEMBER OFFSETS END (Coalesced) #####

[2026-04-19 12:51:00.0914842] Unreal Engine modules (non-modular):
[2026-04-19 12:51:00.0915487] MainExe @ 0x7ff6d0770000 size=0x1194c000
[2026-04-19 12:51:00.0915801] m_shared_functions: 0x1ae6eebb238
[2026-04-19 12:51:00.0919160] Input source set to: Win32Async
[2026-04-19 12:51:00.0934357] [UE4SS.LoadMap.LuaModImpl] Added prehook with Id '0X2040000000000001'!
[2026-04-19 12:51:00.0934647] [UE4SS.LoadMap.LuaModImpl] Added posthook with Id '0X40000000000002'!
[2026-04-19 12:51:00.0947137] [UE4SS.InitGameState.LuaModImpl] Added prehook with Id '0X2010000000000001'!
[2026-04-19 12:51:00.0947514] [UE4SS.InitGameState.LuaModImpl] Added posthook with Id '0X10000000000002'!
[2026-04-19 12:51:00.0962388] [UE4SS.BeginPlay.LuaModImpl] Added prehook with Id '0X2008000000000001'!
[2026-04-19 12:51:00.0962677] [UE4SS.BeginPlay.LuaModImpl] Added posthook with Id '0X8000000000002'!
[2026-04-19 12:51:00.0974370] [UE4SS.EndPlay.LuaModImpl] Added prehook with Id '0X2004000000000001'!
[2026-04-19 12:51:00.0974662] [UE4SS.EndPlay.LuaModImpl] Added posthook with Id '0X4000000000002'!
[2026-04-19 12:51:00.0974815] [UnknownMod.StaticConstructObject.PostHook] Added posthook with Id '0X1000000000000002'!
[2026-04-19 12:51:00.1249061] [UnknownMod.ULocalPlayerExec.PreHook] Added prehook with Id '0X2000400000000001'!
[2026-04-19 12:51:00.1249546] [UnknownMod.ULocalPlayerExec.PostHook] Added posthook with Id '0X400000000002'!
[2026-04-19 12:51:00.1262201] [UnknownMod.CallFunctionByNameWithArguments.PreHook] Added prehook with Id '0X2000800000000001'!
[2026-04-19 12:51:00.1262504] [UnknownMod.CallFunctionByNameWithArguments.PostHook] Added posthook with Id '0X800000000002'!
[2026-04-19 12:51:00.1272558] [UnknownMod.ProcessConsoleExec.PostHook] Added posthook with Id '0X400000000000001'!
[2026-04-19 12:51:00.1272849] [UnknownMod.ProcessConsoleExec.PreHook] Added prehook with Id '0X2400000000000002'!
[2026-04-19 12:51:00.1273037] [UnknownMod.ProcessConsoleExec.PostHook] Added posthook with Id '0X400000000000003'!
[2026-04-19 12:51:00.1273178] [UnknownMod.ProcessConsoleExec.PostHook] Added posthook with Id '0X400000000000004'!
[2026-04-19 12:51:00.1273315] [UnknownMod.ProcessConsoleExec.PostHook] Added posthook with Id '0X400000000000005'!
[2026-04-19 12:51:00.1273454] Enabling custom events
[2026-04-19 12:51:00.1283765] [UE4SS.ProcessLocalScriptFunction.LuaModImplScriptHook] Added posthook with Id '0X80000000000001'!
[2026-04-19 12:51:00.1284609] Starting mods (from mods.txt (E:\SteamLibrary\steamapps\common\Windrose\R5\Binaries\Win64\ue4ss\Mods\mods.txt) load order)...
[2026-04-19 12:51:00.1286272] Starting Lua mod 'KillExpMod'
[2026-04-19 12:51:00.1354789] [Lua] [KillExpMod] Loaded 69 EXP rules from ue4ss/Mods/KillExpMod/Config/exp_rules.json.
[2026-04-19 12:51:00.1359973] [RegisterHook] Registered native hook (1, 2) for Function /Script/R5.R5DamageUIComponent:OnASCDamageDealt
[2026-04-19 12:51:00.1360229] [Lua] [KillExpMod] Hook aktywny: /Script/R5.R5DamageUIComponent:OnASCDamageDealt
[2026-04-19 12:51:00.1364294] [RegisterHook] Registered native hook (3, 4) for Function /Script/R5.R5DamageUIComponent:ClientDamageDealt
[2026-04-19 12:51:00.1364477] [Lua] [KillExpMod] Hook aktywny: /Script/R5.R5DamageUIComponent:ClientDamageDealt
[2026-04-19 12:51:00.1368428] [RegisterHook] Registered native hook (5, 6) for Function /Script/R5.R5DamageUIComponent:NetMulticastDamageDealt
[2026-04-19 12:51:00.1368608] [Lua] [KillExpMod] Hook aktywny: /Script/R5.R5DamageUIComponent:NetMulticastDamageDealt
[2026-04-19 12:51:00.1372761] [RegisterHook] Registered native hook (7, 8) for Function /Script/R5.R5DeathComponent:OnRep_DeathEventData
[2026-04-19 12:51:00.1373068] [Lua] [KillExpMod] Hook aktywny: /Script/R5.R5DeathComponent:OnRep_DeathEventData
[2026-04-19 12:51:00.1373261] [Lua] [KillExpMod] Build 2026-04-19-config-json zaladowany.
[2026-04-19 12:51:00.1374429] Starting mods (from enabled.txt (E:\SteamLibrary\steamapps\common\Windrose\R5\Binaries\Win64\ue4ss\Mods), no defined load order)...
[2026-04-19 12:51:00.1375640] Event loop start
[2026-04-19 12:51:06.0778400] [FCallbackGarbageCollector] Freed invalid callbacks!
[2026-04-19 12:55:29.5289866] [Lua] [KillExpMod] EXP: +25 za BP_Mob_Dodo_C.
[2026-04-19 12:55:29.5766221] [Lua] [KillExpMod] EXP: +25 za BP_Mob_Dodo_C.
